# JRE version: OpenJDK Runtime Environment (8.0_242-b08) (build 1.8.0_242-b08)
# Java VM: OpenJDK 64-Bit Server VM (25.242-b08 mixed mode linux-amd64 compressed oops)
Heap:
 par new generation   total 314560K, used 247842K [0x00000000c0000000, 0x00000000d5550000, 0x00000000d5550000)
  eden space 279616K,  78% used [0x00000000c0000000, 0x00000000cd6debb0, 0x00000000d1110000)
  from space 34944K,  79% used [0x00000000d1110000, 0x00000000d2c39e98, 0x00000000d3330000)
  to   space 34944K,   0% used [0x00000000d3330000, 0x00000000d3330000, 0x00000000d5550000)
 concurrent mark-sweep generation total 699072K, used 107552K [0x00000000d5550000, 0x0000000100000000, 0x0000000100000000)
 Metaspace       used 89092K, capacity 105748K, committed 105848K, reserved 1136640K
  class space    used 13797K, capacity 18016K, committed 18096K, reserved 1048576K
GC Heap History (10 events):
Event: 25,296 GC heap before
{Heap before GC invocations=4 (full 1):
 par new generation   total 314560K, used 314559K [0x00000000c0000000, 0x00000000d5550000, 0x00000000d5550000)
  eden space 279616K, 100% used [0x00000000c0000000, 0x00000000d1110000, 0x00000000d1110000)
  from space 34944K,  99% used [0x00000000d1110000, 0x00000000d332fff8, 0x00000000d3330000)
  to   space 34944K,   0% used [0x00000000d3330000, 0x00000000d3330000, 0x00000000d5550000)
 concurrent mark-sweep generation total 699072K, used 37575K [0x00000000d5550000, 0x0000000100000000, 0x0000000100000000)
 Metaspace       used 58918K, capacity 67734K, committed 68024K, reserved 1105920K
  class space    used 10071K, capacity 12395K, committed 12520K, reserved 1048576K
Event: 25,420 GC heap after
Heap after GC invocations=5 (full 1):
 par new generation   total 314560K, used 31580K [0x00000000c0000000, 0x00000000d5550000, 0x00000000d5550000)
  eden space 279616K,   0% used [0x00000000c0000000, 0x00000000c0000000, 0x00000000d1110000)
  from space 34944K,  90% used [0x00000000d3330000, 0x00000000d52073a0, 0x00000000d5550000)
  to   space 34944K,   0% used [0x00000000d1110000, 0x00000000d1110000, 0x00000000d3330000)
 concurrent mark-sweep generation total 699072K, used 68072K [0x00000000d5550000, 0x0000000100000000, 0x0000000100000000)
 Metaspace       used 58918K, capacity 67734K, committed 68024K, reserved 1105920K
  class space    used 10071K, capacity 12395K, committed 12520K, reserved 1048576K
}
Event: 29,350 GC heap before
{Heap before GC invocations=5 (full 1):
 par new generation   total 314560K, used 311196K [0x00000000c0000000, 0x00000000d5550000, 0x00000000d5550000)
  eden space 279616K, 100% used [0x00000000c0000000, 0x00000000d1110000, 0x00000000d1110000)
  from space 34944K,  90% used [0x00000000d3330000, 0x00000000d52073a0, 0x00000000d5550000)
  to   space 34944K,   0% used [0x00000000d1110000, 0x00000000d1110000, 0x00000000d3330000)
 concurrent mark-sweep generation total 699072K, used 68072K [0x00000000d5550000, 0x0000000100000000, 0x0000000100000000)
 Metaspace       used 62387K, capacity 72648K, committed 72920K, reserved 1110016K
  class space    used 10604K, capacity 13280K, committed 13320K, reserved 1048576K
Event: 29,419 GC heap after
Heap after GC invocations=6 (full 1):
 par new generation   total 314560K, used 24051K [0x00000000c0000000, 0x00000000d5550000, 0x00000000d5550000)
  eden space 279616K,   0% used [0x00000000c0000000, 0x00000000c0000000, 0x00000000d1110000)
  from space 34944K,  68% used [0x00000000d1110000, 0x00000000d288cf98, 0x00000000d3330000)
  to   space 34944K,   0% used [0x00000000d3330000, 0x00000000d3330000, 0x00000000d5550000)
 concurrent mark-sweep generation total 699072K, used 84166K [0x00000000d5550000, 0x0000000100000000, 0x0000000100000000)
 Metaspace       used 62387K, capacity 72648K, committed 72920K, reserved 1110016K
  class space    used 10604K, capacity 13280K, committed 13320K, reserved 1048576K
}
Event: 33,648 GC heap before
{Heap before GC invocations=6 (full 2):
 par new generation   total 314560K, used 303667K [0x00000000c0000000, 0x00000000d5550000, 0x00000000d5550000)
  eden space 279616K, 100% used [0x00000000c0000000, 0x00000000d1110000, 0x00000000d1110000)
  from space 34944K,  68% used [0x00000000d1110000, 0x00000000d288cf98, 0x00000000d3330000)
  to   space 34944K,   0% used [0x00000000d3330000, 0x00000000d3330000, 0x00000000d5550000)
 concurrent mark-sweep generation total 699072K, used 76290K [0x00000000d5550000, 0x0000000100000000, 0x0000000100000000)
 Metaspace       used 73608K, capacity 86496K, committed 86776K, reserved 1120256K
  class space    used 12176K, capacity 15542K, committed 15664K, reserved 1048576K
Event: 33,722 GC heap after
Heap after GC invocations=7 (full 2):
 par new generation   total 314560K, used 29538K [0x00000000c0000000, 0x00000000d5550000, 0x00000000d5550000)
  eden space 279616K,   0% used [0x00000000c0000000, 0x00000000c0000000, 0x00000000d1110000)
  from space 34944K,  84% used [0x00000000d3330000, 0x00000000d5008830, 0x00000000d5550000)
  to   space 34944K,   0% used [0x00000000d1110000, 0x00000000d1110000, 0x00000000d3330000)
 concurrent mark-sweep generation total 699072K, used 95814K [0x00000000d5550000, 0x0000000100000000, 0x0000000100000000)
 Metaspace       used 73608K, capacity 86496K, committed 86776K, reserved 1120256K
  class space    used 12176K, capacity 15542K, committed 15664K, reserved 1048576K
}
Event: 34,883 GC heap before
{Heap before GC invocations=7 (full 2):
 par new generation   total 314560K, used 108972K [0x00000000c0000000, 0x00000000d5550000, 0x00000000d5550000)
  eden space 279616K,  28% used [0x00000000c0000000, 0x00000000c4d92828, 0x00000000d1110000)
  from space 34944K,  84% used [0x00000000d3330000, 0x00000000d5008830, 0x00000000d5550000)
  to   space 34944K,   0% used [0x00000000d1110000, 0x00000000d1110000, 0x00000000d3330000)
 concurrent mark-sweep generation total 699072K, used 95814K [0x00000000d5550000, 0x0000000100000000, 0x0000000100000000)
 Metaspace       used 74369K, capacity 87846K, committed 87928K, reserved 1122304K
  class space    used 12282K, capacity 15762K, committed 15792K, reserved 1048576K
Event: 35,520 GC heap after
Heap after GC invocations=8 (full 3):
 par new generation   total 314560K, used 0K [0x00000000c0000000, 0x00000000d5550000, 0x00000000d5550000)
  eden space 279616K,   0% used [0x00000000c0000000, 0x00000000c0000000, 0x00000000d1110000)
  from space 34944K,   0% used [0x00000000d3330000, 0x00000000d3330000, 0x00000000d5550000)
  to   space 34944K,   0% used [0x00000000d1110000, 0x00000000d1110000, 0x00000000d3330000)
 concurrent mark-sweep generation total 699072K, used 107552K [0x00000000d5550000, 0x0000000100000000, 0x0000000100000000)
 Metaspace       used 74308K, capacity 87732K, committed 87928K, reserved 1122304K
  class space    used 12272K, capacity 15737K, committed 15792K, reserved 1048576K
}
Event: 41,076 GC heap before
{Heap before GC invocations=8 (full 3):
 par new generation   total 314560K, used 279616K [0x00000000c0000000, 0x00000000d5550000, 0x00000000d5550000)
  eden space 279616K, 100% used [0x00000000c0000000, 0x00000000d1110000, 0x00000000d1110000)
  from space 34944K,   0% used [0x00000000d3330000, 0x00000000d3330000, 0x00000000d5550000)
  to   space 34944K,   0% used [0x00000000d1110000, 0x00000000d1110000, 0x00000000d3330000)
 concurrent mark-sweep generation total 699072K, used 107552K [0x00000000d5550000, 0x0000000100000000, 0x0000000100000000)
 Metaspace       used 86309K, capacity 101048K, committed 101240K, reserved 1132544K
  class space    used 13518K, capacity 17327K, committed 17328K, reserved 1048576K
Event: 41,103 GC heap after
Heap after GC invocations=9 (full 3):
 par new generation   total 314560K, used 27815K [0x00000000c0000000, 0x00000000d5550000, 0x00000000d5550000)
  eden space 279616K,   0% used [0x00000000c0000000, 0x00000000c0000000, 0x00000000d1110000)
  from space 34944K,  79% used [0x00000000d1110000, 0x00000000d2c39e98, 0x00000000d3330000)
  to   space 34944K,   0% used [0x00000000d3330000, 0x00000000d3330000, 0x00000000d5550000)
 concurrent mark-sweep generation total 699072K, used 107552K [0x00000000d5550000, 0x0000000100000000, 0x0000000100000000)
 Metaspace       used 86309K, capacity 101048K, committed 101240K, reserved 1132544K
  class space    used 13518K, capacity 17327K, committed 17328K, reserved 1048576K
}

