# JRE version: OpenJDK Runtime Environment (8.0_242-b08) (build 1.8.0_242-b08)
# Java VM: OpenJDK 64-Bit Server VM (25.242-b08 mixed mode linux-amd64 compressed oops)
Heap:
 par new generation   total 314560K, used 312202K [0x00000000c0000000, 0x00000000d5550000, 0x00000000d5550000)
  eden space 279616K,  99% used [0x00000000c0000000, 0x00000000d1013590, 0x00000000d1110000)
  from space 34944K,  96% used [0x00000000d1110000, 0x00000000d31df2a8, 0x00000000d3330000)
  to   space 34944K,   0% used [0x00000000d3330000, 0x00000000d3330000, 0x00000000d5550000)
 concurrent mark-sweep generation total 699072K, used 107505K [0x00000000d5550000, 0x0000000100000000, 0x0000000100000000)
 Metaspace       used 89348K, capacity 106266K, committed 106432K, reserved 1138688K
  class space    used 13804K, capacity 18029K, committed 18120K, reserved 1048576K
GC Heap History (10 events):
Event: 20,012 GC heap before
{Heap before GC invocations=4 (full 1):
 par new generation   total 314560K, used 314560K [0x00000000c0000000, 0x00000000d5550000, 0x00000000d5550000)
  eden space 279616K, 100% used [0x00000000c0000000, 0x00000000d1110000, 0x00000000d1110000)
  from space 34944K, 100% used [0x00000000d1110000, 0x00000000d3330000, 0x00000000d3330000)
  to   space 34944K,   0% used [0x00000000d3330000, 0x00000000d3330000, 0x00000000d5550000)
 concurrent mark-sweep generation total 699072K, used 37397K [0x00000000d5550000, 0x0000000100000000, 0x0000000100000000)
 Metaspace       used 58437K, capacity 67065K, committed 67308K, reserved 1103872K
  class space    used 9954K, capacity 12250K, committed 12276K, reserved 1048576K
Event: 20,072 GC heap after
Heap after GC invocations=5 (full 1):
 par new generation   total 314560K, used 34944K [0x00000000c0000000, 0x00000000d5550000, 0x00000000d5550000)
  eden space 279616K,   0% used [0x00000000c0000000, 0x00000000c0000000, 0x00000000d1110000)
  from space 34944K, 100% used [0x00000000d3330000, 0x00000000d5550000, 0x00000000d5550000)
  to   space 34944K,   0% used [0x00000000d1110000, 0x00000000d1110000, 0x00000000d3330000)
 concurrent mark-sweep generation total 699072K, used 50639K [0x00000000d5550000, 0x0000000100000000, 0x0000000100000000)
 Metaspace       used 58437K, capacity 67065K, committed 67308K, reserved 1103872K
  class space    used 9954K, capacity 12250K, committed 12276K, reserved 1048576K
}
Event: 23,644 GC heap before
{Heap before GC invocations=5 (full 1):
 par new generation   total 314560K, used 314560K [0x00000000c0000000, 0x00000000d5550000, 0x00000000d5550000)
  eden space 279616K, 100% used [0x00000000c0000000, 0x00000000d1110000, 0x00000000d1110000)
  from space 34944K, 100% used [0x00000000d3330000, 0x00000000d5550000, 0x00000000d5550000)
  to   space 34944K,   0% used [0x00000000d1110000, 0x00000000d1110000, 0x00000000d3330000)
 concurrent mark-sweep generation total 699072K, used 50639K [0x00000000d5550000, 0x0000000100000000, 0x0000000100000000)
 Metaspace       used 61973K, capacity 72029K, committed 72124K, reserved 1107968K
  class space    used 10557K, capacity 13151K, committed 13172K, reserved 1048576K
Event: 23,748 GC heap after
Heap after GC invocations=6 (full 1):
 par new generation   total 314560K, used 34944K [0x00000000c0000000, 0x00000000d5550000, 0x00000000d5550000)
  eden space 279616K,   0% used [0x00000000c0000000, 0x00000000c0000000, 0x00000000d1110000)
  from space 34944K, 100% used [0x00000000d1110000, 0x00000000d3330000, 0x00000000d3330000)
  to   space 34944K,   0% used [0x00000000d3330000, 0x00000000d3330000, 0x00000000d5550000)
 concurrent mark-sweep generation total 699072K, used 86406K [0x00000000d5550000, 0x0000000100000000, 0x0000000100000000)
 Metaspace       used 61973K, capacity 72029K, committed 72124K, reserved 1107968K
  class space    used 10557K, capacity 13151K, committed 13172K, reserved 1048576K
}
Event: 27,666 GC heap before
{Heap before GC invocations=6 (full 2):
 par new generation   total 314560K, used 314560K [0x00000000c0000000, 0x00000000d5550000, 0x00000000d5550000)
  eden space 279616K, 100% used [0x00000000c0000000, 0x00000000d1110000, 0x00000000d1110000)
  from space 34944K, 100% used [0x00000000d1110000, 0x00000000d3330000, 0x00000000d3330000)
  to   space 34944K,   0% used [0x00000000d3330000, 0x00000000d3330000, 0x00000000d5550000)
 concurrent mark-sweep generation total 699072K, used 77568K [0x00000000d5550000, 0x0000000100000000, 0x0000000100000000)
 Metaspace       used 73454K, capacity 86128K, committed 86208K, reserved 1120256K
  class space    used 12168K, capacity 15517K, committed 15560K, reserved 1048576K
Event: 27,722 GC heap after
Heap after GC invocations=7 (full 2):
 par new generation   total 314560K, used 27924K [0x00000000c0000000, 0x00000000d5550000, 0x00000000d5550000)
  eden space 279616K,   0% used [0x00000000c0000000, 0x00000000c0000000, 0x00000000d1110000)
  from space 34944K,  79% used [0x00000000d3330000, 0x00000000d4e75018, 0x00000000d5550000)
  to   space 34944K,   0% used [0x00000000d1110000, 0x00000000d1110000, 0x00000000d3330000)
 concurrent mark-sweep generation total 699072K, used 97018K [0x00000000d5550000, 0x0000000100000000, 0x0000000100000000)
 Metaspace       used 73454K, capacity 86128K, committed 86208K, reserved 1120256K
  class space    used 12168K, capacity 15517K, committed 15560K, reserved 1048576K
}
Event: 29,119 GC heap before
{Heap before GC invocations=7 (full 2):
 par new generation   total 314560K, used 131287K [0x00000000c0000000, 0x00000000d5550000, 0x00000000d5550000)
  eden space 279616K,  36% used [0x00000000c0000000, 0x00000000c64f0e40, 0x00000000d1110000)
  from space 34944K,  79% used [0x00000000d3330000, 0x00000000d4e75018, 0x00000000d5550000)
  to   space 34944K,   0% used [0x00000000d1110000, 0x00000000d1110000, 0x00000000d3330000)
 concurrent mark-sweep generation total 699072K, used 97018K [0x00000000d5550000, 0x0000000100000000, 0x0000000100000000)
 Metaspace       used 74395K, capacity 87874K, committed 88000K, reserved 1122304K
  class space    used 12283K, capacity 15764K, committed 15816K, reserved 1048576K
Event: 29,699 GC heap after
Heap after GC invocations=8 (full 3):
 par new generation   total 314560K, used 0K [0x00000000c0000000, 0x00000000d5550000, 0x00000000d5550000)
  eden space 279616K,   0% used [0x00000000c0000000, 0x00000000c0000000, 0x00000000d1110000)
  from space 34944K,   0% used [0x00000000d3330000, 0x00000000d3330000, 0x00000000d5550000)
  to   space 34944K,   0% used [0x00000000d1110000, 0x00000000d1110000, 0x00000000d3330000)
 concurrent mark-sweep generation total 699072K, used 107505K [0x00000000d5550000, 0x0000000100000000, 0x0000000100000000)
 Metaspace       used 74331K, capacity 87754K, committed 88000K, reserved 1122304K
  class space    used 12272K, capacity 15737K, committed 15816K, reserved 1048576K
}
Event: 34,613 GC heap before
{Heap before GC invocations=8 (full 3):
 par new generation   total 314560K, used 279616K [0x00000000c0000000, 0x00000000d5550000, 0x00000000d5550000)
  eden space 279616K, 100% used [0x00000000c0000000, 0x00000000d1110000, 0x00000000d1110000)
  from space 34944K,   0% used [0x00000000d3330000, 0x00000000d3330000, 0x00000000d5550000)
  to   space 34944K,   0% used [0x00000000d1110000, 0x00000000d1110000, 0x00000000d3330000)
 concurrent mark-sweep generation total 699072K, used 107505K [0x00000000d5550000, 0x0000000100000000, 0x0000000100000000)
 Metaspace       used 86317K, capacity 101060K, committed 101312K, reserved 1132544K
  class space    used 13518K, capacity 17325K, committed 17352K, reserved 1048576K
Event: 34,637 GC heap after
Heap after GC invocations=9 (full 3):
 par new generation   total 314560K, used 33596K [0x00000000c0000000, 0x00000000d5550000, 0x00000000d5550000)
  eden space 279616K,   0% used [0x00000000c0000000, 0x00000000c0000000, 0x00000000d1110000)
  from space 34944K,  96% used [0x00000000d1110000, 0x00000000d31df2a8, 0x00000000d3330000)
  to   space 34944K,   0% used [0x00000000d3330000, 0x00000000d3330000, 0x00000000d5550000)
 concurrent mark-sweep generation total 699072K, used 107505K [0x00000000d5550000, 0x0000000100000000, 0x0000000100000000)
 Metaspace       used 86317K, capacity 101060K, committed 101312K, reserved 1132544K
  class space    used 13518K, capacity 17325K, committed 17352K, reserved 1048576K
}

