# JRE version: OpenJDK Runtime Environment (8.0_242-b08) (build 1.8.0_242-b08)
# Java VM: OpenJDK 64-Bit Server VM (25.242-b08 mixed mode linux-amd64 compressed oops)
Heap:
 par new generation   total 314560K, used 202333K [0x00000000c0000000, 0x00000000d5550000, 0x00000000d5550000)
  eden space 279616K,  59% used [0x00000000c0000000, 0x00000000ca377550, 0x00000000d1110000)
  from space 34944K, 100% used [0x00000000d1110000, 0x00000000d3330000, 0x00000000d3330000)
  to   space 34944K,   0% used [0x00000000d3330000, 0x00000000d3330000, 0x00000000d5550000)
 concurrent mark-sweep generation total 699072K, used 36667K [0x00000000d5550000, 0x0000000100000000, 0x0000000100000000)
 Metaspace       used 56803K, capacity 64613K, committed 64824K, reserved 1101824K
  class space    used 9730K, capacity 11779K, committed 11880K, reserved 1048576K
GC Heap History (8 events):
Event: 6,972 GC heap before
{Heap before GC invocations=0 (full 1):
 par new generation   total 314560K, used 279616K [0x00000000c0000000, 0x00000000d5550000, 0x00000000d5550000)
  eden space 279616K, 100% used [0x00000000c0000000, 0x00000000d1110000, 0x00000000d1110000)
  from space 34944K,   0% used [0x00000000d1110000, 0x00000000d1110000, 0x00000000d3330000)
  to   space 34944K,   0% used [0x00000000d3330000, 0x00000000d3330000, 0x00000000d5550000)
 concurrent mark-sweep generation total 699072K, used 0K [0x00000000d5550000, 0x0000000100000000, 0x0000000100000000)
 Metaspace       used 38912K, capacity 40338K, committed 40552K, reserved 1083392K
  class space    used 6749K, capacity 7089K, committed 7120K, reserved 1048576K
Event: 7,033 GC heap after
Heap after GC invocations=1 (full 1):
 par new generation   total 314560K, used 34943K [0x00000000c0000000, 0x00000000d5550000, 0x00000000d5550000)
  eden space 279616K,   0% used [0x00000000c0000000, 0x00000000c0000000, 0x00000000d1110000)
  from space 34944K,  99% used [0x00000000d3330000, 0x00000000d554fff8, 0x00000000d5550000)
  to   space 34944K,   0% used [0x00000000d1110000, 0x00000000d1110000, 0x00000000d3330000)
 concurrent mark-sweep generation total 699072K, used 2060K [0x00000000d5550000, 0x0000000100000000, 0x0000000100000000)
 Metaspace       used 38912K, capacity 40338K, committed 40552K, reserved 1083392K
  class space    used 6749K, capacity 7089K, committed 7120K, reserved 1048576K
}
Event: 12,019 GC heap before
{Heap before GC invocations=1 (full 1):
 par new generation   total 314560K, used 314559K [0x00000000c0000000, 0x00000000d5550000, 0x00000000d5550000)
  eden space 279616K, 100% used [0x00000000c0000000, 0x00000000d1110000, 0x00000000d1110000)
  from space 34944K,  99% used [0x00000000d3330000, 0x00000000d554fff8, 0x00000000d5550000)
  to   space 34944K,   0% used [0x00000000d1110000, 0x00000000d1110000, 0x00000000d3330000)
 concurrent mark-sweep generation total 699072K, used 2060K [0x00000000d5550000, 0x0000000100000000, 0x0000000100000000)
 Metaspace       used 44046K, capacity 48279K, committed 48568K, reserved 1089536K
  class space    used 7395K, capacity 8624K, committed 8680K, reserved 1048576K
Event: 12,125 GC heap after
Heap after GC invocations=2 (full 1):
 par new generation   total 314560K, used 26167K [0x00000000c0000000, 0x00000000d5550000, 0x00000000d5550000)
  eden space 279616K,   0% used [0x00000000c0000000, 0x00000000c0000000, 0x00000000d1110000)
  from space 34944K,  74% used [0x00000000d1110000, 0x00000000d2a9dfc8, 0x00000000d3330000)
  to   space 34944K,   0% used [0x00000000d3330000, 0x00000000d3330000, 0x00000000d5550000)
 concurrent mark-sweep generation total 699072K, used 20238K [0x00000000d5550000, 0x0000000100000000, 0x0000000100000000)
 Metaspace       used 44046K, capacity 48279K, committed 48568K, reserved 1089536K
  class space    used 7395K, capacity 8624K, committed 8680K, reserved 1048576K
}
Event: 16,797 GC heap before
{Heap before GC invocations=2 (full 1):
 par new generation   total 314560K, used 305783K [0x00000000c0000000, 0x00000000d5550000, 0x00000000d5550000)
  eden space 279616K, 100% used [0x00000000c0000000, 0x00000000d1110000, 0x00000000d1110000)
  from space 34944K,  74% used [0x00000000d1110000, 0x00000000d2a9dfc8, 0x00000000d3330000)
  to   space 34944K,   0% used [0x00000000d3330000, 0x00000000d3330000, 0x00000000d5550000)
 concurrent mark-sweep generation total 699072K, used 20238K [0x00000000d5550000, 0x0000000100000000, 0x0000000100000000)
 Metaspace       used 47326K, capacity 53781K, committed 54072K, reserved 1093632K
  class space    used 7753K, capacity 9474K, committed 9576K, reserved 1048576K
Event: 16,828 GC heap after
Heap after GC invocations=3 (full 1):
 par new generation   total 314560K, used 30778K [0x00000000c0000000, 0x00000000d5550000, 0x00000000d5550000)
  eden space 279616K,   0% used [0x00000000c0000000, 0x00000000c0000000, 0x00000000d1110000)
  from space 34944K,  88% used [0x00000000d3330000, 0x00000000d513e868, 0x00000000d5550000)
  to   space 34944K,   0% used [0x00000000d1110000, 0x00000000d1110000, 0x00000000d3330000)
 concurrent mark-sweep generation total 699072K, used 20238K [0x00000000d5550000, 0x0000000100000000, 0x0000000100000000)
 Metaspace       used 47326K, capacity 53781K, committed 54072K, reserved 1093632K
  class space    used 7753K, capacity 9474K, committed 9576K, reserved 1048576K
}
Event: 19,930 GC heap before
{Heap before GC invocations=3 (full 1):
 par new generation   total 314560K, used 310394K [0x00000000c0000000, 0x00000000d5550000, 0x00000000d5550000)
  eden space 279616K, 100% used [0x00000000c0000000, 0x00000000d1110000, 0x00000000d1110000)
  from space 34944K,  88% used [0x00000000d3330000, 0x00000000d513e868, 0x00000000d5550000)
  to   space 34944K,   0% used [0x00000000d1110000, 0x00000000d1110000, 0x00000000d3330000)
 concurrent mark-sweep generation total 699072K, used 20238K [0x00000000d5550000, 0x0000000100000000, 0x0000000100000000)
 Metaspace       used 53738K, capacity 60823K, committed 60984K, reserved 1099776K
  class space    used 9208K, capacity 11082K, committed 11112K, reserved 1048576K
Event: 19,986 GC heap after
Heap after GC invocations=4 (full 1):
 par new generation   total 314560K, used 34944K [0x00000000c0000000, 0x00000000d5550000, 0x00000000d5550000)
  eden space 279616K,   0% used [0x00000000c0000000, 0x00000000c0000000, 0x00000000d1110000)
  from space 34944K, 100% used [0x00000000d1110000, 0x00000000d3330000, 0x00000000d3330000)
  to   space 34944K,   0% used [0x00000000d3330000, 0x00000000d3330000, 0x00000000d5550000)
 concurrent mark-sweep generation total 699072K, used 36667K [0x00000000d5550000, 0x0000000100000000, 0x0000000100000000)
 Metaspace       used 53738K, capacity 60823K, committed 60984K, reserved 1099776K
  class space    used 9208K, capacity 11082K, committed 11112K, reserved 1048576K
}

