# JRE version: OpenJDK Runtime Environment (8.0_242-b08) (build 1.8.0_242-b08)
# Java VM: OpenJDK 64-Bit Server VM (25.242-b08 mixed mode linux-amd64 compressed oops)
Heap:
 par new generation   total 314560K, used 253844K [0x00000000c0000000, 0x00000000d5550000, 0x00000000d5550000)
  eden space 279616K,  78% used [0x00000000c0000000, 0x00000000cd5c5020, 0x00000000d1110000)
  from space 34944K, 100% used [0x00000000d1110000, 0x00000000d3330000, 0x00000000d3330000)
  to   space 34944K,   0% used [0x00000000d3330000, 0x00000000d3330000, 0x00000000d5550000)
 concurrent mark-sweep generation total 699072K, used 110177K [0x00000000d5550000, 0x0000000100000000, 0x0000000100000000)
 Metaspace       used 89122K, capacity 105752K, committed 106012K, reserved 1136640K
  class space    used 13795K, capacity 18003K, committed 18112K, reserved 1048576K
GC Heap History (10 events):
Event: 29,410 GC heap before
{Heap before GC invocations=4 (full 1):
 par new generation   total 314560K, used 314560K [0x00000000c0000000, 0x00000000d5550000, 0x00000000d5550000)
  eden space 279616K, 100% used [0x00000000c0000000, 0x00000000d1110000, 0x00000000d1110000)
  from space 34944K, 100% used [0x00000000d1110000, 0x00000000d3330000, 0x00000000d3330000)
  to   space 34944K,   0% used [0x00000000d3330000, 0x00000000d3330000, 0x00000000d5550000)
 concurrent mark-sweep generation total 699072K, used 37085K [0x00000000d5550000, 0x0000000100000000, 0x0000000100000000)
 Metaspace       used 58321K, capacity 67036K, committed 67220K, reserved 1103872K
  class space    used 9939K, capacity 12193K, committed 12312K, reserved 1048576K
Event: 29,543 GC heap after
Heap after GC invocations=5 (full 1):
 par new generation   total 314560K, used 34944K [0x00000000c0000000, 0x00000000d5550000, 0x00000000d5550000)
  eden space 279616K,   0% used [0x00000000c0000000, 0x00000000c0000000, 0x00000000d1110000)
  from space 34944K, 100% used [0x00000000d3330000, 0x00000000d5550000, 0x00000000d5550000)
  to   space 34944K,   0% used [0x00000000d1110000, 0x00000000d1110000, 0x00000000d3330000)
 concurrent mark-sweep generation total 699072K, used 51451K [0x00000000d5550000, 0x0000000100000000, 0x0000000100000000)
 Metaspace       used 58321K, capacity 67036K, committed 67220K, reserved 1103872K
  class space    used 9939K, capacity 12193K, committed 12312K, reserved 1048576K
}
Event: 38,365 GC heap before
{Heap before GC invocations=5 (full 1):
 par new generation   total 314560K, used 314560K [0x00000000c0000000, 0x00000000d5550000, 0x00000000d5550000)
  eden space 279616K, 100% used [0x00000000c0000000, 0x00000000d1110000, 0x00000000d1110000)
  from space 34944K, 100% used [0x00000000d3330000, 0x00000000d5550000, 0x00000000d5550000)
  to   space 34944K,   0% used [0x00000000d1110000, 0x00000000d1110000, 0x00000000d3330000)
 concurrent mark-sweep generation total 699072K, used 51451K [0x00000000d5550000, 0x0000000100000000, 0x0000000100000000)
 Metaspace       used 61936K, capacity 72010K, committed 72212K, reserved 1107968K
  class space    used 10547K, capacity 13123K, committed 13208K, reserved 1048576K
Event: 38,528 GC heap after
Heap after GC invocations=6 (full 1):
 par new generation   total 314560K, used 34944K [0x00000000c0000000, 0x00000000d5550000, 0x00000000d5550000)
  eden space 279616K,   0% used [0x00000000c0000000, 0x00000000c0000000, 0x00000000d1110000)
  from space 34944K, 100% used [0x00000000d1110000, 0x00000000d3330000, 0x00000000d3330000)
  to   space 34944K,   0% used [0x00000000d3330000, 0x00000000d3330000, 0x00000000d5550000)
 concurrent mark-sweep generation total 699072K, used 73658K [0x00000000d5550000, 0x0000000100000000, 0x0000000100000000)
 Metaspace       used 61936K, capacity 72010K, committed 72212K, reserved 1107968K
  class space    used 10547K, capacity 13123K, committed 13208K, reserved 1048576K
}
Event: 46,585 GC heap before
{Heap before GC invocations=6 (full 2):
 par new generation   total 314560K, used 314560K [0x00000000c0000000, 0x00000000d5550000, 0x00000000d5550000)
  eden space 279616K, 100% used [0x00000000c0000000, 0x00000000d1110000, 0x00000000d1110000)
  from space 34944K, 100% used [0x00000000d1110000, 0x00000000d3330000, 0x00000000d3330000)
  to   space 34944K,   0% used [0x00000000d3330000, 0x00000000d3330000, 0x00000000d5550000)
 concurrent mark-sweep generation total 699072K, used 63119K [0x00000000d5550000, 0x0000000100000000, 0x0000000100000000)
 Metaspace       used 73419K, capacity 86092K, committed 86344K, reserved 1120256K
  class space    used 12160K, capacity 15499K, committed 15552K, reserved 1048576K
Event: 46,823 GC heap after
Heap after GC invocations=7 (full 2):
 par new generation   total 314560K, used 34944K [0x00000000c0000000, 0x00000000d5550000, 0x00000000d5550000)
  eden space 279616K,   0% used [0x00000000c0000000, 0x00000000c0000000, 0x00000000d1110000)
  from space 34944K, 100% used [0x00000000d3330000, 0x00000000d5550000, 0x00000000d5550000)
  to   space 34944K,   0% used [0x00000000d1110000, 0x00000000d1110000, 0x00000000d3330000)
 concurrent mark-sweep generation total 699072K, used 85602K [0x00000000d5550000, 0x0000000100000000, 0x0000000100000000)
 Metaspace       used 73419K, capacity 86092K, committed 86344K, reserved 1120256K
  class space    used 12160K, capacity 15499K, committed 15552K, reserved 1048576K
}
Event: 51,573 GC heap before
{Heap before GC invocations=7 (full 2):
 par new generation   total 314560K, used 165380K [0x00000000c0000000, 0x00000000d5550000, 0x00000000d5550000)
  eden space 279616K,  46% used [0x00000000c0000000, 0x00000000c7f61378, 0x00000000d1110000)
  from space 34944K, 100% used [0x00000000d3330000, 0x00000000d5550000, 0x00000000d5550000)
  to   space 34944K,   0% used [0x00000000d1110000, 0x00000000d1110000, 0x00000000d3330000)
 concurrent mark-sweep generation total 699072K, used 85602K [0x00000000d5550000, 0x0000000100000000, 0x0000000100000000)
 Metaspace       used 74548K, capacity 88250K, committed 88476K, reserved 1122304K
  class space    used 12296K, capacity 15815K, committed 15936K, reserved 1048576K
Event: 52,391 GC heap after
Heap after GC invocations=8 (full 3):
 par new generation   total 314560K, used 0K [0x00000000c0000000, 0x00000000d5550000, 0x00000000d5550000)
  eden space 279616K,   0% used [0x00000000c0000000, 0x00000000c0000000, 0x00000000d1110000)
  from space 34944K,   0% used [0x00000000d3330000, 0x00000000d3330000, 0x00000000d5550000)
  to   space 34944K,   0% used [0x00000000d1110000, 0x00000000d1110000, 0x00000000d3330000)
 concurrent mark-sweep generation total 699072K, used 107973K [0x00000000d5550000, 0x0000000100000000, 0x0000000100000000)
 Metaspace       used 74491K, capacity 88146K, committed 88476K, reserved 1122304K
  class space    used 12287K, capacity 15792K, committed 15936K, reserved 1048576K
}
Event: 58,377 GC heap before
{Heap before GC invocations=8 (full 3):
 par new generation   total 314560K, used 279616K [0x00000000c0000000, 0x00000000d5550000, 0x00000000d5550000)
  eden space 279616K, 100% used [0x00000000c0000000, 0x00000000d1110000, 0x00000000d1110000)
  from space 34944K,   0% used [0x00000000d3330000, 0x00000000d3330000, 0x00000000d5550000)
  to   space 34944K,   0% used [0x00000000d1110000, 0x00000000d1110000, 0x00000000d3330000)
 concurrent mark-sweep generation total 699072K, used 107973K [0x00000000d5550000, 0x0000000100000000, 0x0000000100000000)
 Metaspace       used 86471K, capacity 101302K, committed 101404K, reserved 1134592K
  class space    used 13524K, capacity 17339K, committed 17344K, reserved 1048576K
Event: 58,413 GC heap after
Heap after GC invocations=9 (full 3):
 par new generation   total 314560K, used 34944K [0x00000000c0000000, 0x00000000d5550000, 0x00000000d5550000)
  eden space 279616K,   0% used [0x00000000c0000000, 0x00000000c0000000, 0x00000000d1110000)
  from space 34944K, 100% used [0x00000000d1110000, 0x00000000d3330000, 0x00000000d3330000)
  to   space 34944K,   0% used [0x00000000d3330000, 0x00000000d3330000, 0x00000000d5550000)
 concurrent mark-sweep generation total 699072K, used 110177K [0x00000000d5550000, 0x0000000100000000, 0x0000000100000000)
 Metaspace       used 86471K, capacity 101302K, committed 101404K, reserved 1134592K
  class space    used 13524K, capacity 17339K, committed 17344K, reserved 1048576K
}

