# JRE version: OpenJDK Runtime Environment (8.0_242-b08) (build 1.8.0_242-b08)
# Java VM: OpenJDK 64-Bit Server VM (25.242-b08 mixed mode linux-amd64 compressed oops)
Heap:
 par new generation   total 314560K, used 44170K [0x00000000c0000000, 0x00000000d5550000, 0x00000000d5550000)
  eden space 279616K,  15% used [0x00000000c0000000, 0x00000000c2ab8810, 0x00000000d1110000)
  from space 34944K,   1% used [0x00000000d1110000, 0x00000000d117a200, 0x00000000d3330000)
  to   space 34944K,   0% used [0x00000000d3330000, 0x00000000d3330000, 0x00000000d5550000)
 concurrent mark-sweep generation total 699072K, used 141098K [0x00000000d5550000, 0x0000000100000000, 0x0000000100000000)
 Metaspace       used 91376K, capacity 109650K, committed 109868K, reserved 1140736K
  class space    used 13970K, capacity 18459K, committed 18528K, reserved 1048576K
GC Heap History (10 events):
Event: 8491,919 GC heap before
{Heap before GC invocations=58 (full 3):
 par new generation   total 314560K, used 280251K [0x00000000c0000000, 0x00000000d5550000, 0x00000000d5550000)
  eden space 279616K, 100% used [0x00000000c0000000, 0x00000000d1110000, 0x00000000d1110000)
  from space 34944K,   1% used [0x00000000d3330000, 0x00000000d33cec50, 0x00000000d5550000)
  to   space 34944K,   0% used [0x00000000d1110000, 0x00000000d1110000, 0x00000000d3330000)
 concurrent mark-sweep generation total 699072K, used 141073K [0x00000000d5550000, 0x0000000100000000, 0x0000000100000000)
 Metaspace       used 91188K, capacity 109160K, committed 109356K, reserved 1140736K
  class space    used 13953K, capacity 18423K, committed 18528K, reserved 1048576K
Event: 8491,925 GC heap after
Heap after GC invocations=59 (full 3):
 par new generation   total 314560K, used 619K [0x00000000c0000000, 0x00000000d5550000, 0x00000000d5550000)
  eden space 279616K,   0% used [0x00000000c0000000, 0x00000000c0000000, 0x00000000d1110000)
  from space 34944K,   1% used [0x00000000d1110000, 0x00000000d11aaf10, 0x00000000d3330000)
  to   space 34944K,   0% used [0x00000000d3330000, 0x00000000d3330000, 0x00000000d5550000)
 concurrent mark-sweep generation total 699072K, used 141082K [0x00000000d5550000, 0x0000000100000000, 0x0000000100000000)
 Metaspace       used 91188K, capacity 109160K, committed 109356K, reserved 1140736K
  class space    used 13953K, capacity 18423K, committed 18528K, reserved 1048576K
}
Event: 8493,421 GC heap before
{Heap before GC invocations=59 (full 3):
 par new generation   total 314560K, used 280235K [0x00000000c0000000, 0x00000000d5550000, 0x00000000d5550000)
  eden space 279616K, 100% used [0x00000000c0000000, 0x00000000d1110000, 0x00000000d1110000)
  from space 34944K,   1% used [0x00000000d1110000, 0x00000000d11aaf10, 0x00000000d3330000)
  to   space 34944K,   0% used [0x00000000d3330000, 0x00000000d3330000, 0x00000000d5550000)
 concurrent mark-sweep generation total 699072K, used 141082K [0x00000000d5550000, 0x0000000100000000, 0x0000000100000000)
 Metaspace       used 91214K, capacity 109198K, committed 109356K, reserved 1140736K
  class space    used 13956K, capacity 18428K, committed 18528K, reserved 1048576K
Event: 8493,425 GC heap after
Heap after GC invocations=60 (full 3):
 par new generation   total 314560K, used 370K [0x00000000c0000000, 0x00000000d5550000, 0x00000000d5550000)
  eden space 279616K,   0% used [0x00000000c0000000, 0x00000000c0000000, 0x00000000d1110000)
  from space 34944K,   1% used [0x00000000d3330000, 0x00000000d338caf0, 0x00000000d5550000)
  to   space 34944K,   0% used [0x00000000d1110000, 0x00000000d1110000, 0x00000000d3330000)
 concurrent mark-sweep generation total 699072K, used 141082K [0x00000000d5550000, 0x0000000100000000, 0x0000000100000000)
 Metaspace       used 91214K, capacity 109198K, committed 109356K, reserved 1140736K
  class space    used 13956K, capacity 18428K, committed 18528K, reserved 1048576K
}
Event: 8494,868 GC heap before
{Heap before GC invocations=60 (full 3):
 par new generation   total 314560K, used 279986K [0x00000000c0000000, 0x00000000d5550000, 0x00000000d5550000)
  eden space 279616K, 100% used [0x00000000c0000000, 0x00000000d1110000, 0x00000000d1110000)
  from space 34944K,   1% used [0x00000000d3330000, 0x00000000d338caf0, 0x00000000d5550000)
  to   space 34944K,   0% used [0x00000000d1110000, 0x00000000d1110000, 0x00000000d3330000)
 concurrent mark-sweep generation total 699072K, used 141082K [0x00000000d5550000, 0x0000000100000000, 0x0000000100000000)
 Metaspace       used 91217K, capacity 109198K, committed 109356K, reserved 1140736K
  class space    used 13956K, capacity 18428K, committed 18528K, reserved 1048576K
Event: 8494,875 GC heap after
Heap after GC invocations=61 (full 3):
 par new generation   total 314560K, used 389K [0x00000000c0000000, 0x00000000d5550000, 0x00000000d5550000)
  eden space 279616K,   0% used [0x00000000c0000000, 0x00000000c0000000, 0x00000000d1110000)
  from space 34944K,   1% used [0x00000000d1110000, 0x00000000d1171780, 0x00000000d3330000)
  to   space 34944K,   0% used [0x00000000d3330000, 0x00000000d3330000, 0x00000000d5550000)
 concurrent mark-sweep generation total 699072K, used 141089K [0x00000000d5550000, 0x0000000100000000, 0x0000000100000000)
 Metaspace       used 91217K, capacity 109198K, committed 109356K, reserved 1140736K
  class space    used 13956K, capacity 18428K, committed 18528K, reserved 1048576K
}
Event: 8496,192 GC heap before
{Heap before GC invocations=61 (full 3):
 par new generation   total 314560K, used 280005K [0x00000000c0000000, 0x00000000d5550000, 0x00000000d5550000)
  eden space 279616K, 100% used [0x00000000c0000000, 0x00000000d1110000, 0x00000000d1110000)
  from space 34944K,   1% used [0x00000000d1110000, 0x00000000d1171780, 0x00000000d3330000)
  to   space 34944K,   0% used [0x00000000d3330000, 0x00000000d3330000, 0x00000000d5550000)
 concurrent mark-sweep generation total 699072K, used 141089K [0x00000000d5550000, 0x0000000100000000, 0x0000000100000000)
 Metaspace       used 91220K, capacity 109262K, committed 109612K, reserved 1140736K
  class space    used 13956K, capacity 18428K, committed 18528K, reserved 1048576K
Event: 8496,203 GC heap after
Heap after GC invocations=62 (full 3):
 par new generation   total 314560K, used 383K [0x00000000c0000000, 0x00000000d5550000, 0x00000000d5550000)
  eden space 279616K,   0% used [0x00000000c0000000, 0x00000000c0000000, 0x00000000d1110000)
  from space 34944K,   1% used [0x00000000d3330000, 0x00000000d338fc48, 0x00000000d5550000)
  to   space 34944K,   0% used [0x00000000d1110000, 0x00000000d1110000, 0x00000000d3330000)
 concurrent mark-sweep generation total 699072K, used 141089K [0x00000000d5550000, 0x0000000100000000, 0x0000000100000000)
 Metaspace       used 91220K, capacity 109262K, committed 109612K, reserved 1140736K
  class space    used 13956K, capacity 18428K, committed 18528K, reserved 1048576K
}
Event: 8497,484 GC heap before
{Heap before GC invocations=62 (full 3):
 par new generation   total 314560K, used 279999K [0x00000000c0000000, 0x00000000d5550000, 0x00000000d5550000)
  eden space 279616K, 100% used [0x00000000c0000000, 0x00000000d1110000, 0x00000000d1110000)
  from space 34944K,   1% used [0x00000000d3330000, 0x00000000d338fc48, 0x00000000d5550000)
  to   space 34944K,   0% used [0x00000000d1110000, 0x00000000d1110000, 0x00000000d3330000)
 concurrent mark-sweep generation total 699072K, used 141089K [0x00000000d5550000, 0x0000000100000000, 0x0000000100000000)
 Metaspace       used 91226K, capacity 109272K, committed 109612K, reserved 1140736K
  class space    used 13956K, capacity 18430K, committed 18528K, reserved 1048576K
Event: 8497,494 GC heap after
Heap after GC invocations=63 (full 3):
 par new generation   total 314560K, used 424K [0x00000000c0000000, 0x00000000d5550000, 0x00000000d5550000)
  eden space 279616K,   0% used [0x00000000c0000000, 0x00000000c0000000, 0x00000000d1110000)
  from space 34944K,   1% used [0x00000000d1110000, 0x00000000d117a200, 0x00000000d3330000)
  to   space 34944K,   0% used [0x00000000d3330000, 0x00000000d3330000, 0x00000000d5550000)
 concurrent mark-sweep generation total 699072K, used 141098K [0x00000000d5550000, 0x0000000100000000, 0x0000000100000000)
 Metaspace       used 91226K, capacity 109272K, committed 109612K, reserved 1140736K
  class space    used 13956K, capacity 18430K, committed 18528K, reserved 1048576K
}

