# JRE version: OpenJDK Runtime Environment (8.0_242-b08) (build 1.8.0_242-b08)
# Java VM: OpenJDK 64-Bit Server VM (25.242-b08 mixed mode linux-amd64 compressed oops)
Heap:
 par new generation   total 314560K, used 209920K [0x00000000c0000000, 0x00000000d5550000, 0x00000000d5550000)
  eden space 279616K,  62% used [0x00000000c0000000, 0x00000000caae03f0, 0x00000000d1110000)
  from space 34944K, 100% used [0x00000000d1110000, 0x00000000d3330000, 0x00000000d3330000)
  to   space 34944K,   0% used [0x00000000d3330000, 0x00000000d3330000, 0x00000000d5550000)
 concurrent mark-sweep generation total 699072K, used 109210K [0x00000000d5550000, 0x0000000100000000, 0x0000000100000000)
 Metaspace       used 88590K, capacity 104832K, committed 105072K, reserved 1136640K
  class space    used 13749K, capacity 17868K, committed 17888K, reserved 1048576K
GC Heap History (10 events):
Event: 19,681 GC heap before
{Heap before GC invocations=4 (full 1):
 par new generation   total 314560K, used 314560K [0x00000000c0000000, 0x00000000d5550000, 0x00000000d5550000)
  eden space 279616K, 100% used [0x00000000c0000000, 0x00000000d1110000, 0x00000000d1110000)
  from space 34944K, 100% used [0x00000000d1110000, 0x00000000d3330000, 0x00000000d3330000)
  to   space 34944K,   0% used [0x00000000d3330000, 0x00000000d3330000, 0x00000000d5550000)
 concurrent mark-sweep generation total 699072K, used 37057K [0x00000000d5550000, 0x0000000100000000, 0x0000000100000000)
 Metaspace       used 57860K, capacity 66136K, committed 66244K, reserved 1103872K
  class space    used 9909K, capacity 12071K, committed 12084K, reserved 1048576K
Event: 19,773 GC heap after
Heap after GC invocations=5 (full 1):
 par new generation   total 314560K, used 34944K [0x00000000c0000000, 0x00000000d5550000, 0x00000000d5550000)
  eden space 279616K,   0% used [0x00000000c0000000, 0x00000000c0000000, 0x00000000d1110000)
  from space 34944K, 100% used [0x00000000d3330000, 0x00000000d5550000, 0x00000000d5550000)
  to   space 34944K,   0% used [0x00000000d1110000, 0x00000000d1110000, 0x00000000d3330000)
 concurrent mark-sweep generation total 699072K, used 50517K [0x00000000d5550000, 0x0000000100000000, 0x0000000100000000)
 Metaspace       used 57860K, capacity 66136K, committed 66244K, reserved 1103872K
  class space    used 9909K, capacity 12071K, committed 12084K, reserved 1048576K
}
Event: 22,146 GC heap before
{Heap before GC invocations=5 (full 1):
 par new generation   total 314560K, used 314560K [0x00000000c0000000, 0x00000000d5550000, 0x00000000d5550000)
  eden space 279616K, 100% used [0x00000000c0000000, 0x00000000d1110000, 0x00000000d1110000)
  from space 34944K, 100% used [0x00000000d3330000, 0x00000000d5550000, 0x00000000d5550000)
  to   space 34944K,   0% used [0x00000000d1110000, 0x00000000d1110000, 0x00000000d3330000)
 concurrent mark-sweep generation total 699072K, used 50517K [0x00000000d5550000, 0x0000000100000000, 0x0000000100000000)
 Metaspace       used 60885K, capacity 70578K, committed 70724K, reserved 1107968K
  class space    used 10406K, capacity 12965K, committed 12980K, reserved 1048576K
Event: 22,228 GC heap after
Heap after GC invocations=6 (full 1):
 par new generation   total 314560K, used 34944K [0x00000000c0000000, 0x00000000d5550000, 0x00000000d5550000)
  eden space 279616K,   0% used [0x00000000c0000000, 0x00000000c0000000, 0x00000000d1110000)
  from space 34944K, 100% used [0x00000000d1110000, 0x00000000d3330000, 0x00000000d3330000)
  to   space 34944K,   0% used [0x00000000d3330000, 0x00000000d3330000, 0x00000000d5550000)
 concurrent mark-sweep generation total 699072K, used 70706K [0x00000000d5550000, 0x0000000100000000, 0x0000000100000000)
 Metaspace       used 60885K, capacity 70578K, committed 70724K, reserved 1107968K
  class space    used 10406K, capacity 12965K, committed 12980K, reserved 1048576K
}
Event: 25,852 GC heap before
{Heap before GC invocations=6 (full 2):
 par new generation   total 314560K, used 314560K [0x00000000c0000000, 0x00000000d5550000, 0x00000000d5550000)
  eden space 279616K, 100% used [0x00000000c0000000, 0x00000000d1110000, 0x00000000d1110000)
  from space 34944K, 100% used [0x00000000d1110000, 0x00000000d3330000, 0x00000000d3330000)
  to   space 34944K,   0% used [0x00000000d3330000, 0x00000000d3330000, 0x00000000d5550000)
 concurrent mark-sweep generation total 699072K, used 70706K [0x00000000d5550000, 0x0000000100000000, 0x0000000100000000)
 Metaspace       used 72877K, capacity 84768K, committed 84956K, reserved 1118208K
  class space    used 12152K, capacity 15464K, committed 15504K, reserved 1048576K
Event: 25,918 GC heap after
Heap after GC invocations=7 (full 2):
 par new generation   total 314560K, used 34944K [0x00000000c0000000, 0x00000000d5550000, 0x00000000d5550000)
  eden space 279616K,   0% used [0x00000000c0000000, 0x00000000c0000000, 0x00000000d1110000)
  from space 34944K, 100% used [0x00000000d3330000, 0x00000000d5550000, 0x00000000d5550000)
  to   space 34944K,   0% used [0x00000000d1110000, 0x00000000d1110000, 0x00000000d3330000)
 concurrent mark-sweep generation total 699072K, used 93768K [0x00000000d5550000, 0x0000000100000000, 0x0000000100000000)
 Metaspace       used 72877K, capacity 84768K, committed 84956K, reserved 1118208K
  class space    used 12152K, capacity 15464K, committed 15504K, reserved 1048576K
}
Event: 28,217 GC heap before
{Heap before GC invocations=7 (full 2):
 par new generation   total 314560K, used 204126K [0x00000000c0000000, 0x00000000d5550000, 0x00000000d5550000)
  eden space 279616K,  60% used [0x00000000c0000000, 0x00000000ca537b20, 0x00000000d1110000)
  from space 34944K, 100% used [0x00000000d3330000, 0x00000000d5550000, 0x00000000d5550000)
  to   space 34944K,   0% used [0x00000000d1110000, 0x00000000d1110000, 0x00000000d3330000)
 concurrent mark-sweep generation total 699072K, used 83924K [0x00000000d5550000, 0x0000000100000000, 0x0000000100000000)
 Metaspace       used 74339K, capacity 87826K, committed 87920K, reserved 1122304K
  class space    used 12284K, capacity 15766K, committed 15840K, reserved 1048576K
Event: 28,800 GC heap after
Heap after GC invocations=8 (full 3):
 par new generation   total 314560K, used 0K [0x00000000c0000000, 0x00000000d5550000, 0x00000000d5550000)
  eden space 279616K,   0% used [0x00000000c0000000, 0x00000000c0000000, 0x00000000d1110000)
  from space 34944K,   0% used [0x00000000d3330000, 0x00000000d3330000, 0x00000000d5550000)
  to   space 34944K,   0% used [0x00000000d1110000, 0x00000000d1110000, 0x00000000d3330000)
 concurrent mark-sweep generation total 699072K, used 107541K [0x00000000d5550000, 0x0000000100000000, 0x0000000100000000)
 Metaspace       used 74275K, capacity 87706K, committed 87920K, reserved 1122304K
  class space    used 12274K, capacity 15739K, committed 15840K, reserved 1048576K
}
Event: 33,232 GC heap before
{Heap before GC invocations=8 (full 3):
 par new generation   total 314560K, used 279616K [0x00000000c0000000, 0x00000000d5550000, 0x00000000d5550000)
  eden space 279616K, 100% used [0x00000000c0000000, 0x00000000d1110000, 0x00000000d1110000)
  from space 34944K,   0% used [0x00000000d3330000, 0x00000000d3330000, 0x00000000d5550000)
  to   space 34944K,   0% used [0x00000000d1110000, 0x00000000d1110000, 0x00000000d3330000)
 concurrent mark-sweep generation total 699072K, used 107541K [0x00000000d5550000, 0x0000000100000000, 0x0000000100000000)
 Metaspace       used 86293K, capacity 101042K, committed 101232K, reserved 1132544K
  class space    used 13521K, capacity 17333K, committed 17376K, reserved 1048576K
Event: 33,252 GC heap after
Heap after GC invocations=9 (full 3):
 par new generation   total 314560K, used 34944K [0x00000000c0000000, 0x00000000d5550000, 0x00000000d5550000)
  eden space 279616K,   0% used [0x00000000c0000000, 0x00000000c0000000, 0x00000000d1110000)
  from space 34944K, 100% used [0x00000000d1110000, 0x00000000d3330000, 0x00000000d3330000)
  to   space 34944K,   0% used [0x00000000d3330000, 0x00000000d3330000, 0x00000000d5550000)
 concurrent mark-sweep generation total 699072K, used 109210K [0x00000000d5550000, 0x0000000100000000, 0x0000000100000000)
 Metaspace       used 86293K, capacity 101042K, committed 101232K, reserved 1132544K
  class space    used 13521K, capacity 17333K, committed 17376K, reserved 1048576K
}

