# JRE version: OpenJDK Runtime Environment (8.0_242-b08) (build 1.8.0_242-b08)
# Java VM: OpenJDK 64-Bit Server VM (25.242-b08 mixed mode linux-amd64 compressed oops)
Heap:
 par new generation   total 314560K, used 129619K [0x00000000c0000000, 0x00000000d5550000, 0x00000000d5550000)
  eden space 279616K,  40% used [0x00000000c0000000, 0x00000000c6f47f30, 0x00000000d1110000)
  from space 34944K,  44% used [0x00000000d3330000, 0x00000000d427cd68, 0x00000000d5550000)
  to   space 34944K,   0% used [0x00000000d1110000, 0x00000000d1110000, 0x00000000d3330000)
 concurrent mark-sweep generation total 699072K, used 124841K [0x00000000d5550000, 0x0000000100000000, 0x0000000100000000)
 Metaspace       used 90635K, capacity 108701K, committed 108816K, reserved 1140736K
  class space    used 13947K, capacity 18456K, committed 18556K, reserved 1048576K
GC Heap History (10 events):
Event: 15,817 GC heap before
{Heap before GC invocations=7 (full 2):
 par new generation   total 314560K, used 166262K [0x00000000c0000000, 0x00000000d5550000, 0x00000000d5550000)
  eden space 279616K,  46% used [0x00000000c0000000, 0x00000000c803da40, 0x00000000d1110000)
  from space 34944K, 100% used [0x00000000d3330000, 0x00000000d5550000, 0x00000000d5550000)
  to   space 34944K,   0% used [0x00000000d1110000, 0x00000000d1110000, 0x00000000d3330000)
 concurrent mark-sweep generation total 699072K, used 94032K [0x00000000d5550000, 0x0000000100000000, 0x0000000100000000)
 Metaspace       used 74398K, capacity 87951K, committed 88208K, reserved 1122304K
  class space    used 12292K, capacity 15785K, committed 15868K, reserved 1048576K
Event: 16,233 GC heap after
Heap after GC invocations=8 (full 3):
 par new generation   total 314560K, used 0K [0x00000000c0000000, 0x00000000d5550000, 0x00000000d5550000)
  eden space 279616K,   0% used [0x00000000c0000000, 0x00000000c0000000, 0x00000000d1110000)
  from space 34944K,   0% used [0x00000000d3330000, 0x00000000d3330000, 0x00000000d5550000)
  to   space 34944K,   0% used [0x00000000d1110000, 0x00000000d1110000, 0x00000000d3330000)
 concurrent mark-sweep generation total 699072K, used 107573K [0x00000000d5550000, 0x0000000100000000, 0x0000000100000000)
 Metaspace       used 74290K, capacity 87755K, committed 88208K, reserved 1122304K
  class space    used 12271K, capacity 15737K, committed 15868K, reserved 1048576K
}
Event: 19,304 GC heap before
{Heap before GC invocations=8 (full 4):
 par new generation   total 314560K, used 279616K [0x00000000c0000000, 0x00000000d5550000, 0x00000000d5550000)
  eden space 279616K, 100% used [0x00000000c0000000, 0x00000000d1110000, 0x00000000d1110000)
  from space 34944K,   0% used [0x00000000d3330000, 0x00000000d3330000, 0x00000000d5550000)
  to   space 34944K,   0% used [0x00000000d1110000, 0x00000000d1110000, 0x00000000d3330000)
 concurrent mark-sweep generation total 699072K, used 107573K [0x00000000d5550000, 0x0000000100000000, 0x0000000100000000)
 Metaspace       used 86324K, capacity 101083K, committed 101264K, reserved 1132544K
  class space    used 13516K, capacity 17321K, committed 17404K, reserved 1048576K
Event: 19,330 GC heap after
Heap after GC invocations=9 (full 4):
 par new generation   total 314560K, used 34943K [0x00000000c0000000, 0x00000000d5550000, 0x00000000d5550000)
  eden space 279616K,   0% used [0x00000000c0000000, 0x00000000c0000000, 0x00000000d1110000)
  from space 34944K,  99% used [0x00000000d1110000, 0x00000000d332fff8, 0x00000000d3330000)
  to   space 34944K,   0% used [0x00000000d3330000, 0x00000000d3330000, 0x00000000d5550000)
 concurrent mark-sweep generation total 699072K, used 110586K [0x00000000d5550000, 0x0000000100000000, 0x0000000100000000)
 Metaspace       used 86324K, capacity 101083K, committed 101264K, reserved 1132544K
  class space    used 13516K, capacity 17321K, committed 17404K, reserved 1048576K
}
Event: 172,078 GC heap before
{Heap before GC invocations=9 (full 4):
 par new generation   total 314560K, used 314559K [0x00000000c0000000, 0x00000000d5550000, 0x00000000d5550000)
  eden space 279616K, 100% used [0x00000000c0000000, 0x00000000d1110000, 0x00000000d1110000)
  from space 34944K,  99% used [0x00000000d1110000, 0x00000000d332fff8, 0x00000000d3330000)
  to   space 34944K,   0% used [0x00000000d3330000, 0x00000000d3330000, 0x00000000d5550000)
 concurrent mark-sweep generation total 699072K, used 109376K [0x00000000d5550000, 0x0000000100000000, 0x0000000100000000)
 Metaspace       used 89867K, capacity 107109K, committed 107280K, reserved 1138688K
  class space    used 13900K, capacity 18296K, committed 18300K, reserved 1048576K
Event: 172,153 GC heap after
Heap after GC invocations=10 (full 4):
 par new generation   total 314560K, used 18925K [0x00000000c0000000, 0x00000000d5550000, 0x00000000d5550000)
  eden space 279616K,   0% used [0x00000000c0000000, 0x00000000c0000000, 0x00000000d1110000)
  from space 34944K,  54% used [0x00000000d3330000, 0x00000000d45ab5a0, 0x00000000d5550000)
  to   space 34944K,   0% used [0x00000000d1110000, 0x00000000d1110000, 0x00000000d3330000)
 concurrent mark-sweep generation total 699072K, used 124841K [0x00000000d5550000, 0x0000000100000000, 0x0000000100000000)
 Metaspace       used 89867K, capacity 107109K, committed 107280K, reserved 1138688K
  class space    used 13900K, capacity 18296K, committed 18300K, reserved 1048576K
}
Event: 175,676 GC heap before
{Heap before GC invocations=10 (full 4):
 par new generation   total 314560K, used 298541K [0x00000000c0000000, 0x00000000d5550000, 0x00000000d5550000)
  eden space 279616K, 100% used [0x00000000c0000000, 0x00000000d1110000, 0x00000000d1110000)
  from space 34944K,  54% used [0x00000000d3330000, 0x00000000d45ab5a0, 0x00000000d5550000)
  to   space 34944K,   0% used [0x00000000d1110000, 0x00000000d1110000, 0x00000000d3330000)
 concurrent mark-sweep generation total 699072K, used 124841K [0x00000000d5550000, 0x0000000100000000, 0x0000000100000000)
 Metaspace       used 90269K, capacity 107825K, committed 107920K, reserved 1138688K
  class space    used 13919K, capacity 18372K, committed 18428K, reserved 1048576K
Event: 175,692 GC heap after
Heap after GC invocations=11 (full 4):
 par new generation   total 314560K, used 16956K [0x00000000c0000000, 0x00000000d5550000, 0x00000000d5550000)
  eden space 279616K,   0% used [0x00000000c0000000, 0x00000000c0000000, 0x00000000d1110000)
  from space 34944K,  48% used [0x00000000d1110000, 0x00000000d219f198, 0x00000000d3330000)
  to   space 34944K,   0% used [0x00000000d3330000, 0x00000000d3330000, 0x00000000d5550000)
 concurrent mark-sweep generation total 699072K, used 124841K [0x00000000d5550000, 0x0000000100000000, 0x0000000100000000)
 Metaspace       used 90269K, capacity 107825K, committed 107920K, reserved 1138688K
  class space    used 13919K, capacity 18372K, committed 18428K, reserved 1048576K
}
Event: 177,704 GC heap before
{Heap before GC invocations=11 (full 4):
 par new generation   total 314560K, used 296572K [0x00000000c0000000, 0x00000000d5550000, 0x00000000d5550000)
  eden space 279616K, 100% used [0x00000000c0000000, 0x00000000d1110000, 0x00000000d1110000)
  from space 34944K,  48% used [0x00000000d1110000, 0x00000000d219f198, 0x00000000d3330000)
  to   space 34944K,   0% used [0x00000000d3330000, 0x00000000d3330000, 0x00000000d5550000)
 concurrent mark-sweep generation total 699072K, used 124841K [0x00000000d5550000, 0x0000000100000000, 0x0000000100000000)
 Metaspace       used 90271K, capacity 107831K, committed 107920K, reserved 1138688K
  class space    used 13920K, capacity 18373K, committed 18428K, reserved 1048576K
Event: 177,716 GC heap after
Heap after GC invocations=12 (full 4):
 par new generation   total 314560K, used 15667K [0x00000000c0000000, 0x00000000d5550000, 0x00000000d5550000)
  eden space 279616K,   0% used [0x00000000c0000000, 0x00000000c0000000, 0x00000000d1110000)
  from space 34944K,  44% used [0x00000000d3330000, 0x00000000d427cd68, 0x00000000d5550000)
  to   space 34944K,   0% used [0x00000000d1110000, 0x00000000d1110000, 0x00000000d3330000)
 concurrent mark-sweep generation total 699072K, used 124841K [0x00000000d5550000, 0x0000000100000000, 0x0000000100000000)
 Metaspace       used 90271K, capacity 107831K, committed 107920K, reserved 1138688K
  class space    used 13920K, capacity 18373K, committed 18428K, reserved 1048576K
}

