# JRE version: OpenJDK Runtime Environment (8.0_242-b08) (build 1.8.0_242-b08)
# Java VM: OpenJDK 64-Bit Server VM (25.242-b08 mixed mode linux-amd64 compressed oops)
Heap:
 par new generation   total 314560K, used 230646K [0x00000000c0000000, 0x00000000d5550000, 0x00000000d5550000)
  eden space 279616K,  69% used [0x00000000c0000000, 0x00000000cbf1da68, 0x00000000d1110000)
  from space 34944K, 100% used [0x00000000d1110000, 0x00000000d3330000, 0x00000000d3330000)
  to   space 34944K,   0% used [0x00000000d3330000, 0x00000000d3330000, 0x00000000d5550000)
 concurrent mark-sweep generation total 699072K, used 109776K [0x00000000d5550000, 0x0000000100000000, 0x0000000100000000)
 Metaspace       used 88640K, capacity 104897K, committed 105164K, reserved 1136640K
  class space    used 13749K, capacity 17866K, committed 17972K, reserved 1048576K
GC Heap History (10 events):
Event: 21,840 GC heap before
{Heap before GC invocations=4 (full 1):
 par new generation   total 314560K, used 314559K [0x00000000c0000000, 0x00000000d5550000, 0x00000000d5550000)
  eden space 279616K, 100% used [0x00000000c0000000, 0x00000000d1110000, 0x00000000d1110000)
  from space 34944K,  99% used [0x00000000d1110000, 0x00000000d332fff8, 0x00000000d3330000)
  to   space 34944K,   0% used [0x00000000d3330000, 0x00000000d3330000, 0x00000000d5550000)
 concurrent mark-sweep generation total 699072K, used 36305K [0x00000000d5550000, 0x0000000100000000, 0x0000000100000000)
 Metaspace       used 58142K, capacity 66600K, committed 66616K, reserved 1103872K
  class space    used 9924K, capacity 12132K, committed 12136K, reserved 1048576K
Event: 21,903 GC heap after
Heap after GC invocations=5 (full 1):
 par new generation   total 314560K, used 34944K [0x00000000c0000000, 0x00000000d5550000, 0x00000000d5550000)
  eden space 279616K,   0% used [0x00000000c0000000, 0x00000000c0000000, 0x00000000d1110000)
  from space 34944K, 100% used [0x00000000d3330000, 0x00000000d5550000, 0x00000000d5550000)
  to   space 34944K,   0% used [0x00000000d1110000, 0x00000000d1110000, 0x00000000d3330000)
 concurrent mark-sweep generation total 699072K, used 50517K [0x00000000d5550000, 0x0000000100000000, 0x0000000100000000)
 Metaspace       used 58142K, capacity 66600K, committed 66616K, reserved 1103872K
  class space    used 9924K, capacity 12132K, committed 12136K, reserved 1048576K
}
Event: 25,226 GC heap before
{Heap before GC invocations=5 (full 1):
 par new generation   total 314560K, used 314560K [0x00000000c0000000, 0x00000000d5550000, 0x00000000d5550000)
  eden space 279616K, 100% used [0x00000000c0000000, 0x00000000d1110000, 0x00000000d1110000)
  from space 34944K, 100% used [0x00000000d3330000, 0x00000000d5550000, 0x00000000d5550000)
  to   space 34944K,   0% used [0x00000000d1110000, 0x00000000d1110000, 0x00000000d3330000)
 concurrent mark-sweep generation total 699072K, used 50517K [0x00000000d5550000, 0x0000000100000000, 0x0000000100000000)
 Metaspace       used 61525K, capacity 71360K, committed 71736K, reserved 1107968K
  class space    used 10474K, capacity 13038K, committed 13160K, reserved 1048576K
Event: 25,314 GC heap after
Heap after GC invocations=6 (full 1):
 par new generation   total 314560K, used 34944K [0x00000000c0000000, 0x00000000d5550000, 0x00000000d5550000)
  eden space 279616K,   0% used [0x00000000c0000000, 0x00000000c0000000, 0x00000000d1110000)
  from space 34944K, 100% used [0x00000000d1110000, 0x00000000d3330000, 0x00000000d3330000)
  to   space 34944K,   0% used [0x00000000d3330000, 0x00000000d3330000, 0x00000000d5550000)
 concurrent mark-sweep generation total 699072K, used 68805K [0x00000000d5550000, 0x0000000100000000, 0x0000000100000000)
 Metaspace       used 61525K, capacity 71360K, committed 71736K, reserved 1107968K
  class space    used 10474K, capacity 13038K, committed 13160K, reserved 1048576K
}
Event: 28,848 GC heap before
{Heap before GC invocations=6 (full 2):
 par new generation   total 314560K, used 314560K [0x00000000c0000000, 0x00000000d5550000, 0x00000000d5550000)
  eden space 279616K, 100% used [0x00000000c0000000, 0x00000000d1110000, 0x00000000d1110000)
  from space 34944K, 100% used [0x00000000d1110000, 0x00000000d3330000, 0x00000000d3330000)
  to   space 34944K,   0% used [0x00000000d3330000, 0x00000000d3330000, 0x00000000d5550000)
 concurrent mark-sweep generation total 699072K, used 68805K [0x00000000d5550000, 0x0000000100000000, 0x0000000100000000)
 Metaspace       used 73315K, capacity 85767K, committed 85840K, reserved 1120256K
  class space    used 12168K, capacity 15517K, committed 15584K, reserved 1048576K
Event: 28,924 GC heap after
Heap after GC invocations=7 (full 2):
 par new generation   total 314560K, used 34944K [0x00000000c0000000, 0x00000000d5550000, 0x00000000d5550000)
  eden space 279616K,   0% used [0x00000000c0000000, 0x00000000c0000000, 0x00000000d1110000)
  from space 34944K, 100% used [0x00000000d3330000, 0x00000000d5550000, 0x00000000d5550000)
  to   space 34944K,   0% used [0x00000000d1110000, 0x00000000d1110000, 0x00000000d3330000)
 concurrent mark-sweep generation total 699072K, used 92832K [0x00000000d5550000, 0x0000000100000000, 0x0000000100000000)
 Metaspace       used 73315K, capacity 85767K, committed 85840K, reserved 1120256K
  class space    used 12168K, capacity 15517K, committed 15584K, reserved 1048576K
}
Event: 31,181 GC heap before
{Heap before GC invocations=7 (full 2):
 par new generation   total 314560K, used 164547K [0x00000000c0000000, 0x00000000d5550000, 0x00000000d5550000)
  eden space 279616K,  46% used [0x00000000c0000000, 0x00000000c7e90e78, 0x00000000d1110000)
  from space 34944K, 100% used [0x00000000d3330000, 0x00000000d5550000, 0x00000000d5550000)
  to   space 34944K,   0% used [0x00000000d1110000, 0x00000000d1110000, 0x00000000d3330000)
 concurrent mark-sweep generation total 699072K, used 92832K [0x00000000d5550000, 0x0000000100000000, 0x0000000100000000)
 Metaspace       used 74433K, capacity 87931K, committed 88088K, reserved 1122304K
  class space    used 12293K, capacity 15785K, committed 15796K, reserved 1048576K
Event: 31,795 GC heap after
Heap after GC invocations=8 (full 3):
 par new generation   total 314560K, used 0K [0x00000000c0000000, 0x00000000d5550000, 0x00000000d5550000)
  eden space 279616K,   0% used [0x00000000c0000000, 0x00000000c0000000, 0x00000000d1110000)
  from space 34944K,   0% used [0x00000000d3330000, 0x00000000d3330000, 0x00000000d5550000)
  to   space 34944K,   0% used [0x00000000d1110000, 0x00000000d1110000, 0x00000000d3330000)
 concurrent mark-sweep generation total 699072K, used 108159K [0x00000000d5550000, 0x0000000100000000, 0x0000000100000000)
 Metaspace       used 74324K, capacity 87731K, committed 88088K, reserved 1122304K
  class space    used 12272K, capacity 15737K, committed 15796K, reserved 1048576K
}
Event: 36,944 GC heap before
{Heap before GC invocations=8 (full 4):
 par new generation   total 314560K, used 279616K [0x00000000c0000000, 0x00000000d5550000, 0x00000000d5550000)
  eden space 279616K, 100% used [0x00000000c0000000, 0x00000000d1110000, 0x00000000d1110000)
  from space 34944K,   0% used [0x00000000d3330000, 0x00000000d3330000, 0x00000000d5550000)
  to   space 34944K,   0% used [0x00000000d1110000, 0x00000000d1110000, 0x00000000d3330000)
 concurrent mark-sweep generation total 699072K, used 108159K [0x00000000d5550000, 0x0000000100000000, 0x0000000100000000)
 Metaspace       used 86218K, capacity 100937K, committed 101196K, reserved 1132544K
  class space    used 13510K, capacity 17313K, committed 17332K, reserved 1048576K
Event: 36,966 GC heap after
Heap after GC invocations=9 (full 4):
 par new generation   total 314560K, used 34944K [0x00000000c0000000, 0x00000000d5550000, 0x00000000d5550000)
  eden space 279616K,   0% used [0x00000000c0000000, 0x00000000c0000000, 0x00000000d1110000)
  from space 34944K, 100% used [0x00000000d1110000, 0x00000000d3330000, 0x00000000d3330000)
  to   space 34944K,   0% used [0x00000000d3330000, 0x00000000d3330000, 0x00000000d5550000)
 concurrent mark-sweep generation total 699072K, used 111660K [0x00000000d5550000, 0x0000000100000000, 0x0000000100000000)
 Metaspace       used 86218K, capacity 100937K, committed 101196K, reserved 1132544K
  class space    used 13510K, capacity 17313K, committed 17332K, reserved 1048576K
}

