# JRE version: OpenJDK Runtime Environment (8.0_242-b08) (build 1.8.0_242-b08)
# Java VM: OpenJDK 64-Bit Server VM (25.242-b08 mixed mode linux-amd64 compressed oops)
Heap:
 par new generation   total 314560K, used 33305K [0x00000000c0000000, 0x00000000d5550000, 0x00000000d5550000)
  eden space 279616K,   3% used [0x00000000c0000000, 0x00000000c0acfd38, 0x00000000d1110000)
  from space 34944K,  63% used [0x00000000d1110000, 0x00000000d26c6878, 0x00000000d3330000)
  to   space 34944K,   0% used [0x00000000d3330000, 0x00000000d3330000, 0x00000000d5550000)
 concurrent mark-sweep generation total 699072K, used 120859K [0x00000000d5550000, 0x0000000100000000, 0x0000000100000000)
 Metaspace       used 89513K, capacity 106509K, committed 106840K, reserved 1138688K
  class space    used 13810K, capacity 18044K, committed 18120K, reserved 1048576K
GC Heap History (10 events):
Event: 32,316 GC heap before
{Heap before GC invocations=6 (full 2):
 par new generation   total 314560K, used 314560K [0x00000000c0000000, 0x00000000d5550000, 0x00000000d5550000)
  eden space 279616K, 100% used [0x00000000c0000000, 0x00000000d1110000, 0x00000000d1110000)
  from space 34944K, 100% used [0x00000000d1110000, 0x00000000d3330000, 0x00000000d3330000)
  to   space 34944K,   0% used [0x00000000d3330000, 0x00000000d3330000, 0x00000000d5550000)
 concurrent mark-sweep generation total 699072K, used 86433K [0x00000000d5550000, 0x0000000100000000, 0x0000000100000000)
 Metaspace       used 73517K, capacity 86207K, committed 86384K, reserved 1120256K
  class space    used 12179K, capacity 15537K, committed 15612K, reserved 1048576K
Event: 32,375 GC heap after
Heap after GC invocations=7 (full 2):
 par new generation   total 314560K, used 29495K [0x00000000c0000000, 0x00000000d5550000, 0x00000000d5550000)
  eden space 279616K,   0% used [0x00000000c0000000, 0x00000000c0000000, 0x00000000d1110000)
  from space 34944K,  84% used [0x00000000d3330000, 0x00000000d4ffdc88, 0x00000000d5550000)
  to   space 34944K,   0% used [0x00000000d1110000, 0x00000000d1110000, 0x00000000d3330000)
 concurrent mark-sweep generation total 699072K, used 105875K [0x00000000d5550000, 0x0000000100000000, 0x0000000100000000)
 Metaspace       used 73517K, capacity 86207K, committed 86384K, reserved 1120256K
  class space    used 12179K, capacity 15537K, committed 15612K, reserved 1048576K
}
Event: 34,057 GC heap before
{Heap before GC invocations=7 (full 2):
 par new generation   total 314560K, used 133100K [0x00000000c0000000, 0x00000000d5550000, 0x00000000d5550000)
  eden space 279616K,  37% used [0x00000000c0000000, 0x00000000c652d6c8, 0x00000000d1110000)
  from space 34944K,  84% used [0x00000000d3330000, 0x00000000d4ffdc88, 0x00000000d5550000)
  to   space 34944K,   0% used [0x00000000d1110000, 0x00000000d1110000, 0x00000000d3330000)
 concurrent mark-sweep generation total 699072K, used 105875K [0x00000000d5550000, 0x0000000100000000, 0x0000000100000000)
 Metaspace       used 74432K, capacity 87997K, committed 88044K, reserved 1122304K
  class space    used 12294K, capacity 15784K, committed 15816K, reserved 1048576K
Event: 34,717 GC heap after
Heap after GC invocations=8 (full 3):
 par new generation   total 314560K, used 0K [0x00000000c0000000, 0x00000000d5550000, 0x00000000d5550000)
  eden space 279616K,   0% used [0x00000000c0000000, 0x00000000c0000000, 0x00000000d1110000)
  from space 34944K,   0% used [0x00000000d3330000, 0x00000000d3330000, 0x00000000d5550000)
  to   space 34944K,   0% used [0x00000000d1110000, 0x00000000d1110000, 0x00000000d3330000)
 concurrent mark-sweep generation total 699072K, used 109381K [0x00000000d5550000, 0x0000000100000000, 0x0000000100000000)
 Metaspace       used 74324K, capacity 87797K, committed 88044K, reserved 1122304K
  class space    used 12273K, capacity 15736K, committed 15816K, reserved 1048576K
}
Event: 39,913 GC heap before
{Heap before GC invocations=8 (full 4):
 par new generation   total 314560K, used 279616K [0x00000000c0000000, 0x00000000d5550000, 0x00000000d5550000)
  eden space 279616K, 100% used [0x00000000c0000000, 0x00000000d1110000, 0x00000000d1110000)
  from space 34944K,   0% used [0x00000000d3330000, 0x00000000d3330000, 0x00000000d5550000)
  to   space 34944K,   0% used [0x00000000d1110000, 0x00000000d1110000, 0x00000000d3330000)
 concurrent mark-sweep generation total 699072K, used 109381K [0x00000000d5550000, 0x0000000100000000, 0x0000000100000000)
 Metaspace       used 86216K, capacity 100897K, committed 101208K, reserved 1132544K
  class space    used 13508K, capacity 17301K, committed 17352K, reserved 1048576K
Event: 39,939 GC heap after
Heap after GC invocations=9 (full 4):
 par new generation   total 314560K, used 25946K [0x00000000c0000000, 0x00000000d5550000, 0x00000000d5550000)
  eden space 279616K,   0% used [0x00000000c0000000, 0x00000000c0000000, 0x00000000d1110000)
  from space 34944K,  74% used [0x00000000d1110000, 0x00000000d2a66818, 0x00000000d3330000)
  to   space 34944K,   0% used [0x00000000d3330000, 0x00000000d3330000, 0x00000000d5550000)
 concurrent mark-sweep generation total 699072K, used 109381K [0x00000000d5550000, 0x0000000100000000, 0x0000000100000000)
 Metaspace       used 86216K, capacity 100897K, committed 101208K, reserved 1132544K
  class space    used 13508K, capacity 17301K, committed 17352K, reserved 1048576K
}
Event: 356,894 GC heap before
{Heap before GC invocations=9 (full 4):
 par new generation   total 314560K, used 305562K [0x00000000c0000000, 0x00000000d5550000, 0x00000000d5550000)
  eden space 279616K, 100% used [0x00000000c0000000, 0x00000000d1110000, 0x00000000d1110000)
  from space 34944K,  74% used [0x00000000d1110000, 0x00000000d2a66818, 0x00000000d3330000)
  to   space 34944K,   0% used [0x00000000d3330000, 0x00000000d3330000, 0x00000000d5550000)
 concurrent mark-sweep generation total 699072K, used 106165K [0x00000000d5550000, 0x0000000100000000, 0x0000000100000000)
 Metaspace       used 89281K, capacity 106177K, committed 106328K, reserved 1138688K
  class space    used 13804K, capacity 18032K, committed 18120K, reserved 1048576K
Event: 356,973 GC heap after
Heap after GC invocations=10 (full 4):
 par new generation   total 314560K, used 18301K [0x00000000c0000000, 0x00000000d5550000, 0x00000000d5550000)
  eden space 279616K,   0% used [0x00000000c0000000, 0x00000000c0000000, 0x00000000d1110000)
  from space 34944K,  52% used [0x00000000d3330000, 0x00000000d450f568, 0x00000000d5550000)
  to   space 34944K,   0% used [0x00000000d1110000, 0x00000000d1110000, 0x00000000d3330000)
 concurrent mark-sweep generation total 699072K, used 120859K [0x00000000d5550000, 0x0000000100000000, 0x0000000100000000)
 Metaspace       used 89281K, capacity 106177K, committed 106328K, reserved 1138688K
  class space    used 13804K, capacity 18032K, committed 18120K, reserved 1048576K
}
Event: 1337,567 GC heap before
{Heap before GC invocations=10 (full 4):
 par new generation   total 314560K, used 297917K [0x00000000c0000000, 0x00000000d5550000, 0x00000000d5550000)
  eden space 279616K, 100% used [0x00000000c0000000, 0x00000000d1110000, 0x00000000d1110000)
  from space 34944K,  52% used [0x00000000d3330000, 0x00000000d450f568, 0x00000000d5550000)
  to   space 34944K,   0% used [0x00000000d1110000, 0x00000000d1110000, 0x00000000d3330000)
 concurrent mark-sweep generation total 699072K, used 120859K [0x00000000d5550000, 0x0000000100000000, 0x0000000100000000)
 Metaspace       used 89513K, capacity 106509K, committed 106840K, reserved 1138688K
  class space    used 13810K, capacity 18044K, committed 18120K, reserved 1048576K
Event: 1337,614 GC heap after
Heap after GC invocations=11 (full 4):
 par new generation   total 314560K, used 22234K [0x00000000c0000000, 0x00000000d5550000, 0x00000000d5550000)
  eden space 279616K,   0% used [0x00000000c0000000, 0x00000000c0000000, 0x00000000d1110000)
  from space 34944K,  63% used [0x00000000d1110000, 0x00000000d26c6878, 0x00000000d3330000)
  to   space 34944K,   0% used [0x00000000d3330000, 0x00000000d3330000, 0x00000000d5550000)
 concurrent mark-sweep generation total 699072K, used 120859K [0x00000000d5550000, 0x0000000100000000, 0x0000000100000000)
 Metaspace       used 89513K, capacity 106509K, committed 106840K, reserved 1138688K
  class space    used 13810K, capacity 18044K, committed 18120K, reserved 1048576K
}

