# JRE version: OpenJDK Runtime Environment (8.0_242-b08) (build 1.8.0_242-b08)
# Java VM: OpenJDK 64-Bit Server VM (25.242-b08 mixed mode linux-amd64 compressed oops)
Heap:
 par new generation   total 314560K, used 206395K [0x00000000c0000000, 0x00000000d5550000, 0x00000000d5550000)
  eden space 279616K,  61% used [0x00000000c0000000, 0x00000000ca76ef38, 0x00000000d1110000)
  from space 34944K,  99% used [0x00000000d1110000, 0x00000000d332fff8, 0x00000000d3330000)
  to   space 34944K,   0% used [0x00000000d3330000, 0x00000000d3330000, 0x00000000d5550000)
 concurrent mark-sweep generation total 699072K, used 109301K [0x00000000d5550000, 0x0000000100000000, 0x0000000100000000)
 Metaspace       used 88544K, capacity 104656K, committed 104940K, reserved 1136640K
  class space    used 13742K, capacity 17856K, committed 17908K, reserved 1048576K
GC Heap History (10 events):
Event: 25,210 GC heap before
{Heap before GC invocations=4 (full 1):
 par new generation   total 314560K, used 314560K [0x00000000c0000000, 0x00000000d5550000, 0x00000000d5550000)
  eden space 279616K, 100% used [0x00000000c0000000, 0x00000000d1110000, 0x00000000d1110000)
  from space 34944K, 100% used [0x00000000d1110000, 0x00000000d3330000, 0x00000000d3330000)
  to   space 34944K,   0% used [0x00000000d3330000, 0x00000000d3330000, 0x00000000d5550000)
 concurrent mark-sweep generation total 699072K, used 36847K [0x00000000d5550000, 0x0000000100000000, 0x0000000100000000)
 Metaspace       used 58421K, capacity 67039K, committed 67308K, reserved 1103872K
  class space    used 9953K, capacity 12241K, committed 12276K, reserved 1048576K
Event: 25,294 GC heap after
Heap after GC invocations=5 (full 1):
 par new generation   total 314560K, used 34944K [0x00000000c0000000, 0x00000000d5550000, 0x00000000d5550000)
  eden space 279616K,   0% used [0x00000000c0000000, 0x00000000c0000000, 0x00000000d1110000)
  from space 34944K, 100% used [0x00000000d3330000, 0x00000000d5550000, 0x00000000d5550000)
  to   space 34944K,   0% used [0x00000000d1110000, 0x00000000d1110000, 0x00000000d3330000)
 concurrent mark-sweep generation total 699072K, used 52156K [0x00000000d5550000, 0x0000000100000000, 0x0000000100000000)
 Metaspace       used 58421K, capacity 67039K, committed 67308K, reserved 1103872K
  class space    used 9953K, capacity 12241K, committed 12276K, reserved 1048576K
}
Event: 29,428 GC heap before
{Heap before GC invocations=5 (full 1):
 par new generation   total 314560K, used 314560K [0x00000000c0000000, 0x00000000d5550000, 0x00000000d5550000)
  eden space 279616K, 100% used [0x00000000c0000000, 0x00000000d1110000, 0x00000000d1110000)
  from space 34944K, 100% used [0x00000000d3330000, 0x00000000d5550000, 0x00000000d5550000)
  to   space 34944K,   0% used [0x00000000d1110000, 0x00000000d1110000, 0x00000000d3330000)
 concurrent mark-sweep generation total 699072K, used 52156K [0x00000000d5550000, 0x0000000100000000, 0x0000000100000000)
 Metaspace       used 61930K, capacity 71967K, committed 72044K, reserved 1107968K
  class space    used 10553K, capacity 13142K, committed 13172K, reserved 1048576K
Event: 29,506 GC heap after
Heap after GC invocations=6 (full 1):
 par new generation   total 314560K, used 34944K [0x00000000c0000000, 0x00000000d5550000, 0x00000000d5550000)
  eden space 279616K,   0% used [0x00000000c0000000, 0x00000000c0000000, 0x00000000d1110000)
  from space 34944K, 100% used [0x00000000d1110000, 0x00000000d3330000, 0x00000000d3330000)
  to   space 34944K,   0% used [0x00000000d3330000, 0x00000000d3330000, 0x00000000d5550000)
 concurrent mark-sweep generation total 699072K, used 72245K [0x00000000d5550000, 0x0000000100000000, 0x0000000100000000)
 Metaspace       used 61930K, capacity 71967K, committed 72044K, reserved 1107968K
  class space    used 10553K, capacity 13142K, committed 13172K, reserved 1048576K
}
Event: 33,717 GC heap before
{Heap before GC invocations=6 (full 2):
 par new generation   total 314560K, used 314560K [0x00000000c0000000, 0x00000000d5550000, 0x00000000d5550000)
  eden space 279616K, 100% used [0x00000000c0000000, 0x00000000d1110000, 0x00000000d1110000)
  from space 34944K, 100% used [0x00000000d1110000, 0x00000000d3330000, 0x00000000d3330000)
  to   space 34944K,   0% used [0x00000000d3330000, 0x00000000d3330000, 0x00000000d5550000)
 concurrent mark-sweep generation total 699072K, used 72245K [0x00000000d5550000, 0x0000000100000000, 0x0000000100000000)
 Metaspace       used 73523K, capacity 86166K, committed 86308K, reserved 1120256K
  class space    used 12179K, capacity 15539K, committed 15540K, reserved 1048576K
Event: 33,789 GC heap after
Heap after GC invocations=7 (full 2):
 par new generation   total 314560K, used 34944K [0x00000000c0000000, 0x00000000d5550000, 0x00000000d5550000)
  eden space 279616K,   0% used [0x00000000c0000000, 0x00000000c0000000, 0x00000000d1110000)
  from space 34944K, 100% used [0x00000000d3330000, 0x00000000d5550000, 0x00000000d5550000)
  to   space 34944K,   0% used [0x00000000d1110000, 0x00000000d1110000, 0x00000000d3330000)
 concurrent mark-sweep generation total 699072K, used 95317K [0x00000000d5550000, 0x0000000100000000, 0x0000000100000000)
 Metaspace       used 73523K, capacity 86166K, committed 86308K, reserved 1120256K
  class space    used 12179K, capacity 15539K, committed 15540K, reserved 1048576K
}
Event: 35,230 GC heap before
{Heap before GC invocations=7 (full 2):
 par new generation   total 314560K, used 138836K [0x00000000c0000000, 0x00000000d5550000, 0x00000000d5550000)
  eden space 279616K,  37% used [0x00000000c0000000, 0x00000000c6575040, 0x00000000d1110000)
  from space 34944K, 100% used [0x00000000d3330000, 0x00000000d5550000, 0x00000000d5550000)
  to   space 34944K,   0% used [0x00000000d1110000, 0x00000000d1110000, 0x00000000d3330000)
 concurrent mark-sweep generation total 699072K, used 95317K [0x00000000d5550000, 0x0000000100000000, 0x0000000100000000)
 Metaspace       used 74430K, capacity 87948K, committed 88044K, reserved 1122304K
  class space    used 12294K, capacity 15786K, committed 15860K, reserved 1048576K
Event: 35,874 GC heap after
Heap after GC invocations=8 (full 3):
 par new generation   total 314560K, used 0K [0x00000000c0000000, 0x00000000d5550000, 0x00000000d5550000)
  eden space 279616K,   0% used [0x00000000c0000000, 0x00000000c0000000, 0x00000000d1110000)
  from space 34944K,   0% used [0x00000000d3330000, 0x00000000d3330000, 0x00000000d5550000)
  to   space 34944K,   0% used [0x00000000d1110000, 0x00000000d1110000, 0x00000000d3330000)
 concurrent mark-sweep generation total 699072K, used 107573K [0x00000000d5550000, 0x0000000100000000, 0x0000000100000000)
 Metaspace       used 74321K, capacity 87748K, committed 88044K, reserved 1122304K
  class space    used 12274K, capacity 15738K, committed 15860K, reserved 1048576K
}
Event: 40,819 GC heap before
{Heap before GC invocations=8 (full 4):
 par new generation   total 314560K, used 279616K [0x00000000c0000000, 0x00000000d5550000, 0x00000000d5550000)
  eden space 279616K, 100% used [0x00000000c0000000, 0x00000000d1110000, 0x00000000d1110000)
  from space 34944K,   0% used [0x00000000d3330000, 0x00000000d3330000, 0x00000000d5550000)
  to   space 34944K,   0% used [0x00000000d1110000, 0x00000000d1110000, 0x00000000d3330000)
 concurrent mark-sweep generation total 699072K, used 107573K [0x00000000d5550000, 0x0000000100000000, 0x0000000100000000)
 Metaspace       used 86259K, capacity 100908K, committed 101100K, reserved 1132544K
  class space    used 13513K, capacity 17324K, committed 17396K, reserved 1048576K
Event: 40,841 GC heap after
Heap after GC invocations=9 (full 4):
 par new generation   total 314560K, used 34943K [0x00000000c0000000, 0x00000000d5550000, 0x00000000d5550000)
  eden space 279616K,   0% used [0x00000000c0000000, 0x00000000c0000000, 0x00000000d1110000)
  from space 34944K,  99% used [0x00000000d1110000, 0x00000000d332fff8, 0x00000000d3330000)
  to   space 34944K,   0% used [0x00000000d3330000, 0x00000000d3330000, 0x00000000d5550000)
 concurrent mark-sweep generation total 699072K, used 110487K [0x00000000d5550000, 0x0000000100000000, 0x0000000100000000)
 Metaspace       used 86259K, capacity 100908K, committed 101100K, reserved 1132544K
  class space    used 13513K, capacity 17324K, committed 17396K, reserved 1048576K
}

