# JRE version: OpenJDK Runtime Environment (8.0_242-b08) (build 1.8.0_242-b08)
# Java VM: OpenJDK 64-Bit Server VM (25.242-b08 mixed mode linux-amd64 compressed oops)
Heap:
 par new generation   total 314560K, used 83618K [0x00000000c0000000, 0x00000000d5550000, 0x00000000d5550000)
  eden space 279616K,  23% used [0x00000000c0000000, 0x00000000c414fc08, 0x00000000d1110000)
  from space 34944K,  47% used [0x00000000d3330000, 0x00000000d4388c78, 0x00000000d5550000)
  to   space 34944K,   0% used [0x00000000d1110000, 0x00000000d1110000, 0x00000000d3330000)
 concurrent mark-sweep generation total 699072K, used 123991K [0x00000000d5550000, 0x0000000100000000, 0x0000000100000000)
 Metaspace       used 90259K, capacity 107785K, committed 108076K, reserved 1138688K
  class space    used 13915K, capacity 18388K, committed 18484K, reserved 1048576K
GC Heap History (10 events):
Event: 25,276 GC heap before
{Heap before GC invocations=7 (full 2):
 par new generation   total 314560K, used 164507K [0x00000000c0000000, 0x00000000d5550000, 0x00000000d5550000)
  eden space 279616K,  46% used [0x00000000c0000000, 0x00000000c7e86e98, 0x00000000d1110000)
  from space 34944K, 100% used [0x00000000d3330000, 0x00000000d5550000, 0x00000000d5550000)
  to   space 34944K,   0% used [0x00000000d1110000, 0x00000000d1110000, 0x00000000d3330000)
 concurrent mark-sweep generation total 699072K, used 94521K [0x00000000d5550000, 0x0000000100000000, 0x0000000100000000)
 Metaspace       used 74374K, capacity 87927K, committed 88096K, reserved 1122304K
  class space    used 12292K, capacity 15783K, committed 15796K, reserved 1048576K
Event: 25,854 GC heap after
Heap after GC invocations=8 (full 3):
 par new generation   total 314560K, used 0K [0x00000000c0000000, 0x00000000d5550000, 0x00000000d5550000)
  eden space 279616K,   0% used [0x00000000c0000000, 0x00000000c0000000, 0x00000000d1110000)
  from space 34944K,   0% used [0x00000000d3330000, 0x00000000d3330000, 0x00000000d5550000)
  to   space 34944K,   0% used [0x00000000d1110000, 0x00000000d1110000, 0x00000000d3330000)
 concurrent mark-sweep generation total 699072K, used 107763K [0x00000000d5550000, 0x0000000100000000, 0x0000000100000000)
 Metaspace       used 74267K, capacity 87735K, committed 88096K, reserved 1122304K
  class space    used 12272K, capacity 15735K, committed 15796K, reserved 1048576K
}
Event: 30,522 GC heap before
{Heap before GC invocations=8 (full 4):
 par new generation   total 314560K, used 279616K [0x00000000c0000000, 0x00000000d5550000, 0x00000000d5550000)
  eden space 279616K, 100% used [0x00000000c0000000, 0x00000000d1110000, 0x00000000d1110000)
  from space 34944K,   0% used [0x00000000d3330000, 0x00000000d3330000, 0x00000000d5550000)
  to   space 34944K,   0% used [0x00000000d1110000, 0x00000000d1110000, 0x00000000d3330000)
 concurrent mark-sweep generation total 699072K, used 107763K [0x00000000d5550000, 0x0000000100000000, 0x0000000100000000)
 Metaspace       used 86267K, capacity 101053K, committed 101292K, reserved 1132544K
  class space    used 13511K, capacity 17323K, committed 17332K, reserved 1048576K
Event: 30,545 GC heap after
Heap after GC invocations=9 (full 4):
 par new generation   total 314560K, used 34944K [0x00000000c0000000, 0x00000000d5550000, 0x00000000d5550000)
  eden space 279616K,   0% used [0x00000000c0000000, 0x00000000c0000000, 0x00000000d1110000)
  from space 34944K, 100% used [0x00000000d1110000, 0x00000000d3330000, 0x00000000d3330000)
  to   space 34944K,   0% used [0x00000000d3330000, 0x00000000d3330000, 0x00000000d5550000)
 concurrent mark-sweep generation total 699072K, used 111039K [0x00000000d5550000, 0x0000000100000000, 0x0000000100000000)
 Metaspace       used 86267K, capacity 101053K, committed 101292K, reserved 1132544K
  class space    used 13511K, capacity 17323K, committed 17332K, reserved 1048576K
}
Event: 94,138 GC heap before
{Heap before GC invocations=9 (full 4):
 par new generation   total 314560K, used 314560K [0x00000000c0000000, 0x00000000d5550000, 0x00000000d5550000)
  eden space 279616K, 100% used [0x00000000c0000000, 0x00000000d1110000, 0x00000000d1110000)
  from space 34944K, 100% used [0x00000000d1110000, 0x00000000d3330000, 0x00000000d3330000)
  to   space 34944K,   0% used [0x00000000d3330000, 0x00000000d3330000, 0x00000000d5550000)
 concurrent mark-sweep generation total 699072K, used 109683K [0x00000000d5550000, 0x0000000100000000, 0x0000000100000000)
 Metaspace       used 89684K, capacity 106573K, committed 106668K, reserved 1138688K
  class space    used 13879K, capacity 18300K, committed 18356K, reserved 1048576K
Event: 94,182 GC heap after
Heap after GC invocations=10 (full 4):
 par new generation   total 314560K, used 18032K [0x00000000c0000000, 0x00000000d5550000, 0x00000000d5550000)
  eden space 279616K,   0% used [0x00000000c0000000, 0x00000000c0000000, 0x00000000d1110000)
  from space 34944K,  51% used [0x00000000d3330000, 0x00000000d44cc328, 0x00000000d5550000)
  to   space 34944K,   0% used [0x00000000d1110000, 0x00000000d1110000, 0x00000000d3330000)
 concurrent mark-sweep generation total 699072K, used 123991K [0x00000000d5550000, 0x0000000100000000, 0x0000000100000000)
 Metaspace       used 89684K, capacity 106573K, committed 106668K, reserved 1138688K
  class space    used 13879K, capacity 18300K, committed 18356K, reserved 1048576K
}
Event: 97,889 GC heap before
{Heap before GC invocations=10 (full 4):
 par new generation   total 314560K, used 297648K [0x00000000c0000000, 0x00000000d5550000, 0x00000000d5550000)
  eden space 279616K, 100% used [0x00000000c0000000, 0x00000000d1110000, 0x00000000d1110000)
  from space 34944K,  51% used [0x00000000d3330000, 0x00000000d44cc328, 0x00000000d5550000)
  to   space 34944K,   0% used [0x00000000d1110000, 0x00000000d1110000, 0x00000000d3330000)
 concurrent mark-sweep generation total 699072K, used 123991K [0x00000000d5550000, 0x0000000100000000, 0x0000000100000000)
 Metaspace       used 90015K, capacity 107221K, committed 107436K, reserved 1138688K
  class space    used 13887K, capacity 18317K, committed 18356K, reserved 1048576K
Event: 97,911 GC heap after
Heap after GC invocations=11 (full 4):
 par new generation   total 314560K, used 18079K [0x00000000c0000000, 0x00000000d5550000, 0x00000000d5550000)
  eden space 279616K,   0% used [0x00000000c0000000, 0x00000000c0000000, 0x00000000d1110000)
  from space 34944K,  51% used [0x00000000d1110000, 0x00000000d22b7e00, 0x00000000d3330000)
  to   space 34944K,   0% used [0x00000000d3330000, 0x00000000d3330000, 0x00000000d5550000)
 concurrent mark-sweep generation total 699072K, used 123991K [0x00000000d5550000, 0x0000000100000000, 0x0000000100000000)
 Metaspace       used 90015K, capacity 107221K, committed 107436K, reserved 1138688K
  class space    used 13887K, capacity 18317K, committed 18356K, reserved 1048576K
}
Event: 100,040 GC heap before
{Heap before GC invocations=11 (full 4):
 par new generation   total 314560K, used 297695K [0x00000000c0000000, 0x00000000d5550000, 0x00000000d5550000)
  eden space 279616K, 100% used [0x00000000c0000000, 0x00000000d1110000, 0x00000000d1110000)
  from space 34944K,  51% used [0x00000000d1110000, 0x00000000d22b7e00, 0x00000000d3330000)
  to   space 34944K,   0% used [0x00000000d3330000, 0x00000000d3330000, 0x00000000d5550000)
 concurrent mark-sweep generation total 699072K, used 123991K [0x00000000d5550000, 0x0000000100000000, 0x0000000100000000)
 Metaspace       used 90049K, capacity 107287K, committed 107436K, reserved 1138688K
  class space    used 13893K, capacity 18328K, committed 18356K, reserved 1048576K
Event: 100,058 GC heap after
Heap after GC invocations=12 (full 4):
 par new generation   total 314560K, used 16739K [0x00000000c0000000, 0x00000000d5550000, 0x00000000d5550000)
  eden space 279616K,   0% used [0x00000000c0000000, 0x00000000c0000000, 0x00000000d1110000)
  from space 34944K,  47% used [0x00000000d3330000, 0x00000000d4388c78, 0x00000000d5550000)
  to   space 34944K,   0% used [0x00000000d1110000, 0x00000000d1110000, 0x00000000d3330000)
 concurrent mark-sweep generation total 699072K, used 123991K [0x00000000d5550000, 0x0000000100000000, 0x0000000100000000)
 Metaspace       used 90049K, capacity 107287K, committed 107436K, reserved 1138688K
  class space    used 13893K, capacity 18328K, committed 18356K, reserved 1048576K
}

