# JRE version: OpenJDK Runtime Environment (8.0_242-b08) (build 1.8.0_242-b08)
# Java VM: OpenJDK 64-Bit Server VM (25.242-b08 mixed mode linux-amd64 compressed oops)
Heap:
 par new generation   total 314560K, used 207766K [0x00000000c0000000, 0x00000000d5550000, 0x00000000d5550000)
  eden space 279616K,  63% used [0x00000000c0000000, 0x00000000cadaad50, 0x00000000d1110000)
  from space 34944K,  85% used [0x00000000d1110000, 0x00000000d2e4ad10, 0x00000000d3330000)
  to   space 34944K,   0% used [0x00000000d3330000, 0x00000000d3330000, 0x00000000d5550000)
 concurrent mark-sweep generation total 699072K, used 107500K [0x00000000d5550000, 0x0000000100000000, 0x0000000100000000)
 Metaspace       used 88810K, capacity 105222K, committed 105420K, reserved 1136640K
  class space    used 13760K, capacity 17936K, committed 18036K, reserved 1048576K
GC Heap History (10 events):
Event: 21,035 GC heap before
{Heap before GC invocations=4 (full 1):
 par new generation   total 314560K, used 314560K [0x00000000c0000000, 0x00000000d5550000, 0x00000000d5550000)
  eden space 279616K, 100% used [0x00000000c0000000, 0x00000000d1110000, 0x00000000d1110000)
  from space 34944K, 100% used [0x00000000d1110000, 0x00000000d3330000, 0x00000000d3330000)
  to   space 34944K,   0% used [0x00000000d3330000, 0x00000000d3330000, 0x00000000d5550000)
 concurrent mark-sweep generation total 699072K, used 37343K [0x00000000d5550000, 0x0000000100000000, 0x0000000100000000)
 Metaspace       used 58124K, capacity 66598K, committed 66792K, reserved 1103872K
  class space    used 9927K, capacity 12136K, committed 12136K, reserved 1048576K
Event: 21,139 GC heap after
Heap after GC invocations=5 (full 1):
 par new generation   total 314560K, used 34943K [0x00000000c0000000, 0x00000000d5550000, 0x00000000d5550000)
  eden space 279616K,   0% used [0x00000000c0000000, 0x00000000c0000000, 0x00000000d1110000)
  from space 34944K,  99% used [0x00000000d3330000, 0x00000000d554fff0, 0x00000000d5550000)
  to   space 34944K,   0% used [0x00000000d1110000, 0x00000000d1110000, 0x00000000d3330000)
 concurrent mark-sweep generation total 699072K, used 67242K [0x00000000d5550000, 0x0000000100000000, 0x0000000100000000)
 Metaspace       used 58124K, capacity 66598K, committed 66792K, reserved 1103872K
  class space    used 9927K, capacity 12136K, committed 12136K, reserved 1048576K
}
Event: 24,714 GC heap before
{Heap before GC invocations=5 (full 2):
 par new generation   total 314560K, used 314559K [0x00000000c0000000, 0x00000000d5550000, 0x00000000d5550000)
  eden space 279616K, 100% used [0x00000000c0000000, 0x00000000d1110000, 0x00000000d1110000)
  from space 34944K,  99% used [0x00000000d3330000, 0x00000000d554fff0, 0x00000000d5550000)
  to   space 34944K,   0% used [0x00000000d1110000, 0x00000000d1110000, 0x00000000d3330000)
 concurrent mark-sweep generation total 699072K, used 67242K [0x00000000d5550000, 0x0000000100000000, 0x0000000100000000)
 Metaspace       used 61579K, capacity 71476K, committed 71496K, reserved 1107968K
  class space    used 10489K, capacity 13040K, committed 13056K, reserved 1048576K
Event: 24,754 GC heap after
Heap after GC invocations=6 (full 2):
 par new generation   total 314560K, used 34944K [0x00000000c0000000, 0x00000000d5550000, 0x00000000d5550000)
  eden space 279616K,   0% used [0x00000000c0000000, 0x00000000c0000000, 0x00000000d1110000)
  from space 34944K, 100% used [0x00000000d1110000, 0x00000000d3330000, 0x00000000d3330000)
  to   space 34944K,   0% used [0x00000000d3330000, 0x00000000d3330000, 0x00000000d5550000)
 concurrent mark-sweep generation total 699072K, used 69146K [0x00000000d5550000, 0x0000000100000000, 0x0000000100000000)
 Metaspace       used 61579K, capacity 71476K, committed 71496K, reserved 1107968K
  class space    used 10489K, capacity 13040K, committed 13056K, reserved 1048576K
}
Event: 28,521 GC heap before
{Heap before GC invocations=6 (full 2):
 par new generation   total 314560K, used 314560K [0x00000000c0000000, 0x00000000d5550000, 0x00000000d5550000)
  eden space 279616K, 100% used [0x00000000c0000000, 0x00000000d1110000, 0x00000000d1110000)
  from space 34944K, 100% used [0x00000000d1110000, 0x00000000d3330000, 0x00000000d3330000)
  to   space 34944K,   0% used [0x00000000d3330000, 0x00000000d3330000, 0x00000000d5550000)
 concurrent mark-sweep generation total 699072K, used 62291K [0x00000000d5550000, 0x0000000100000000, 0x0000000100000000)
 Metaspace       used 73328K, capacity 85860K, committed 86092K, reserved 1120256K
  class space    used 12164K, capacity 15505K, committed 15604K, reserved 1048576K
Event: 28,635 GC heap after
Heap after GC invocations=7 (full 2):
 par new generation   total 314560K, used 34944K [0x00000000c0000000, 0x00000000d5550000, 0x00000000d5550000)
  eden space 279616K,   0% used [0x00000000c0000000, 0x00000000c0000000, 0x00000000d1110000)
  from space 34944K, 100% used [0x00000000d3330000, 0x00000000d5550000, 0x00000000d5550000)
  to   space 34944K,   0% used [0x00000000d1110000, 0x00000000d1110000, 0x00000000d3330000)
 concurrent mark-sweep generation total 699072K, used 98706K [0x00000000d5550000, 0x0000000100000000, 0x0000000100000000)
 Metaspace       used 73328K, capacity 85860K, committed 86092K, reserved 1120256K
  class space    used 12164K, capacity 15505K, committed 15604K, reserved 1048576K
}
Event: 30,607 GC heap before
{Heap before GC invocations=7 (full 2):
 par new generation   total 314560K, used 161290K [0x00000000c0000000, 0x00000000d5550000, 0x00000000d5550000)
  eden space 279616K,  45% used [0x00000000c0000000, 0x00000000c7b62900, 0x00000000d1110000)
  from space 34944K, 100% used [0x00000000d3330000, 0x00000000d5550000, 0x00000000d5550000)
  to   space 34944K,   0% used [0x00000000d1110000, 0x00000000d1110000, 0x00000000d3330000)
 concurrent mark-sweep generation total 699072K, used 98706K [0x00000000d5550000, 0x0000000100000000, 0x0000000100000000)
 Metaspace       used 74421K, capacity 88058K, committed 88140K, reserved 1122304K
  class space    used 12288K, capacity 15803K, committed 15860K, reserved 1048576K
Event: 31,231 GC heap after
Heap after GC invocations=8 (full 3):
 par new generation   total 314560K, used 0K [0x00000000c0000000, 0x00000000d5550000, 0x00000000d5550000)
  eden space 279616K,   0% used [0x00000000c0000000, 0x00000000c0000000, 0x00000000d1110000)
  from space 34944K,   0% used [0x00000000d3330000, 0x00000000d3330000, 0x00000000d5550000)
  to   space 34944K,   0% used [0x00000000d1110000, 0x00000000d1110000, 0x00000000d3330000)
 concurrent mark-sweep generation total 699072K, used 107500K [0x00000000d5550000, 0x0000000100000000, 0x0000000100000000)
 Metaspace       used 74331K, capacity 87900K, committed 88140K, reserved 1122304K
  class space    used 12274K, capacity 15768K, committed 15860K, reserved 1048576K
}
Event: 36,569 GC heap before
{Heap before GC invocations=8 (full 3):
 par new generation   total 314560K, used 279616K [0x00000000c0000000, 0x00000000d5550000, 0x00000000d5550000)
  eden space 279616K, 100% used [0x00000000c0000000, 0x00000000d1110000, 0x00000000d1110000)
  from space 34944K,   0% used [0x00000000d3330000, 0x00000000d3330000, 0x00000000d5550000)
  to   space 34944K,   0% used [0x00000000d1110000, 0x00000000d1110000, 0x00000000d3330000)
 concurrent mark-sweep generation total 699072K, used 107500K [0x00000000d5550000, 0x0000000100000000, 0x0000000100000000)
 Metaspace       used 86349K, capacity 101114K, committed 101196K, reserved 1132544K
  class space    used 13519K, capacity 17324K, committed 17396K, reserved 1048576K
Event: 36,596 GC heap after
Heap after GC invocations=9 (full 3):
 par new generation   total 314560K, used 29931K [0x00000000c0000000, 0x00000000d5550000, 0x00000000d5550000)
  eden space 279616K,   0% used [0x00000000c0000000, 0x00000000c0000000, 0x00000000d1110000)
  from space 34944K,  85% used [0x00000000d1110000, 0x00000000d2e4ad10, 0x00000000d3330000)
  to   space 34944K,   0% used [0x00000000d3330000, 0x00000000d3330000, 0x00000000d5550000)
 concurrent mark-sweep generation total 699072K, used 107500K [0x00000000d5550000, 0x0000000100000000, 0x0000000100000000)
 Metaspace       used 86349K, capacity 101114K, committed 101196K, reserved 1132544K
  class space    used 13519K, capacity 17324K, committed 17396K, reserved 1048576K
}

