# JRE version: OpenJDK Runtime Environment (8.0_242-b08) (build 1.8.0_242-b08)
# Java VM: OpenJDK 64-Bit Server VM (25.242-b08 mixed mode linux-amd64 compressed oops)
Heap:
 par new generation   total 314560K, used 118893K [0x00000000c0000000, 0x00000000d5550000, 0x00000000d5550000)
  eden space 279616K,  33% used [0x00000000c0000000, 0x00000000c5c5e128, 0x00000000d1110000)
  from space 34944K,  69% used [0x00000000d1110000, 0x00000000d28cd4c8, 0x00000000d3330000)
  to   space 34944K,   0% used [0x00000000d3330000, 0x00000000d3330000, 0x00000000d5550000)
 concurrent mark-sweep generation total 699072K, used 20344K [0x00000000d5550000, 0x0000000100000000, 0x0000000100000000)
 Metaspace       used 45474K, capacity 50344K, committed 50504K, reserved 1091584K
  class space    used 7601K, capacity 8993K, committed 9076K, reserved 1048576K
GC Heap History (4 events):
Event: 7,452 GC heap before
{Heap before GC invocations=0 (full 1):
 par new generation   total 314560K, used 279616K [0x00000000c0000000, 0x00000000d5550000, 0x00000000d5550000)
  eden space 279616K, 100% used [0x00000000c0000000, 0x00000000d1110000, 0x00000000d1110000)
  from space 34944K,   0% used [0x00000000d1110000, 0x00000000d1110000, 0x00000000d3330000)
  to   space 34944K,   0% used [0x00000000d3330000, 0x00000000d3330000, 0x00000000d5550000)
 concurrent mark-sweep generation total 699072K, used 0K [0x00000000d5550000, 0x0000000100000000, 0x0000000100000000)
 Metaspace       used 38888K, capacity 40280K, committed 40552K, reserved 1083392K
  class space    used 6752K, capacity 7090K, committed 7184K, reserved 1048576K
Event: 7,531 GC heap after
Heap after GC invocations=1 (full 1):
 par new generation   total 314560K, used 34944K [0x00000000c0000000, 0x00000000d5550000, 0x00000000d5550000)
  eden space 279616K,   0% used [0x00000000c0000000, 0x00000000c0000000, 0x00000000d1110000)
  from space 34944K, 100% used [0x00000000d3330000, 0x00000000d5550000, 0x00000000d5550000)
  to   space 34944K,   0% used [0x00000000d1110000, 0x00000000d1110000, 0x00000000d3330000)
 concurrent mark-sweep generation total 699072K, used 2122K [0x00000000d5550000, 0x0000000100000000, 0x0000000100000000)
 Metaspace       used 38888K, capacity 40280K, committed 40552K, reserved 1083392K
  class space    used 6752K, capacity 7090K, committed 7184K, reserved 1048576K
}
Event: 12,800 GC heap before
{Heap before GC invocations=1 (full 1):
 par new generation   total 314560K, used 314560K [0x00000000c0000000, 0x00000000d5550000, 0x00000000d5550000)
  eden space 279616K, 100% used [0x00000000c0000000, 0x00000000d1110000, 0x00000000d1110000)
  from space 34944K, 100% used [0x00000000d3330000, 0x00000000d5550000, 0x00000000d5550000)
  to   space 34944K,   0% used [0x00000000d1110000, 0x00000000d1110000, 0x00000000d3330000)
 concurrent mark-sweep generation total 699072K, used 2122K [0x00000000d5550000, 0x0000000100000000, 0x0000000100000000)
 Metaspace       used 44043K, capacity 48286K, committed 48584K, reserved 1089536K
  class space    used 7397K, capacity 8624K, committed 8692K, reserved 1048576K
Event: 12,977 GC heap after
Heap after GC invocations=2 (full 1):
 par new generation   total 314560K, used 24309K [0x00000000c0000000, 0x00000000d5550000, 0x00000000d5550000)
  eden space 279616K,   0% used [0x00000000c0000000, 0x00000000c0000000, 0x00000000d1110000)
  from space 34944K,  69% used [0x00000000d1110000, 0x00000000d28cd4c8, 0x00000000d3330000)
  to   space 34944K,   0% used [0x00000000d3330000, 0x00000000d3330000, 0x00000000d5550000)
 concurrent mark-sweep generation total 699072K, used 20344K [0x00000000d5550000, 0x0000000100000000, 0x0000000100000000)
 Metaspace       used 44043K, capacity 48286K, committed 48584K, reserved 1089536K
  class space    used 7397K, capacity 8624K, committed 8692K, reserved 1048576K
}

